"C:/Users/Jimmy/Documents/UnrealProjects/Zombie/Content/MainMenu2_BuiltData.uasset" 0
"../../../Engine/Content/EngineMeshes/Humanoid.uasset" 1
"C:/Users/Jimmy/Documents/UnrealProjects/Zombie/Content/AnimStarterPack/UE4_Mannequin/Mesh/UE4_Mannequin_Skeleton.uasset" 2
"C:/Users/Jimmy/Documents/UnrealProjects/Zombie/Content/AnimStarterPack/Aim_Space_Ironsights.uasset" 3
"C:/Users/Jimmy/Documents/UnrealProjects/Zombie/Content/AnimStarterPack/Crouch_to_Stand_Rifle_Hip.uasset" 4
"C:/Users/Jimmy/Documents/UnrealProjects/Zombie/Content/AnimStarterPack/Crouch_to_Stand_Rifle_Ironsights.uasset" 5
"C:/Users/Jimmy/Documents/UnrealProjects/Zombie/Content/AnimStarterPack/Crouch_Walk_Bwd_Rifle_Ironsights.uasset" 6
"C:/Users/Jimmy/Documents/UnrealProjects/Zombie/Content/AnimStarterPack/Crouch_Walk_Lt_Rifle_Ironsights.uasset" 7
"C:/Users/Jimmy/Documents/UnrealProjects/Zombie/Content/AnimStarterPack/Crouch_Walk_Rt_Rifle_Ironsights.uasset" 8
"C:/Users/Jimmy/Documents/UnrealProjects/Zombie/Content/AnimStarterPack/Death_1.uasset" 9
"C:/Users/Jimmy/Documents/UnrealProjects/Zombie/Content/AnimStarterPack/Death_2.uasset" 10
"C:/Users/Jimmy/Documents/UnrealProjects/Zombie/Content/AnimStarterPack/Death_3.uasset" 11
"C:/Users/Jimmy/Documents/UnrealProjects/Zombie/Content/AnimStarterPack/Death_Ironsights_1.uasset" 12
"C:/Users/Jimmy/Documents/UnrealProjects/Zombie/Content/AnimStarterPack/Death_Ironsights_2.uasset" 13
"C:/Users/Jimmy/Documents/UnrealProjects/Zombie/Content/AnimStarterPack/Equip_Rifle_Standing.uasset" 14
"C:/Users/Jimmy/Documents/UnrealProjects/Zombie/Content/AnimStarterPack/Fire_Rifle_Hip.uasset" 15
"C:/Users/Jimmy/Documents/UnrealProjects/Zombie/Content/AnimStarterPack/Fire_Shotgun_Hip.uasset" 16
"C:/Users/Jimmy/Documents/UnrealProjects/Zombie/Content/AnimStarterPack/Fire_Shotgun_Ironsights.uasset" 17
"C:/Users/Jimmy/Documents/UnrealProjects/Zombie/Content/AnimStarterPack/Hit_React_4.uasset" 18
"C:/Users/Jimmy/Documents/UnrealProjects/Zombie/Content/AnimStarterPack/Idle_Pistol.uasset" 19
"C:/Users/Jimmy/Documents/UnrealProjects/Zombie/Content/AnimStarterPack/Idle_Rifle_Ironsights.uasset" 20
"C:/Users/Jimmy/Documents/UnrealProjects/Zombie/Content/AnimStarterPack/Jump_From_Stand_Ironsights.uasset" 21
"C:/Users/Jimmy/Documents/UnrealProjects/Zombie/Content/AnimStarterPack/Prone_Death_1.uasset" 22
"C:/Users/Jimmy/Documents/UnrealProjects/Zombie/Content/AnimStarterPack/Prone_Death_2.uasset" 23
"C:/Users/Jimmy/Documents/UnrealProjects/Zombie/Content/AnimStarterPack/Prone_Fire_1.uasset" 24
"C:/Users/Jimmy/Documents/UnrealProjects/Zombie/Content/AnimStarterPack/Prone_Fire_2.uasset" 25
"C:/Users/Jimmy/Documents/UnrealProjects/Zombie/Content/AnimStarterPack/Prone_Idle.uasset" 26
"C:/Users/Jimmy/Documents/UnrealProjects/Zombie/Content/AnimStarterPack/Prone_Reload_Rifle.uasset" 27
"C:/Users/Jimmy/Documents/UnrealProjects/Zombie/Content/AnimStarterPack/Prone_Reload_Shotgun.uasset" 28
"C:/Users/Jimmy/Documents/UnrealProjects/Zombie/Content/AnimStarterPack/Prone_To_Stand.uasset" 29
"C:/Users/Jimmy/Documents/UnrealProjects/Zombie/Content/AnimStarterPack/Reload_Pistol.uasset" 30
"C:/Users/Jimmy/Documents/UnrealProjects/Zombie/Content/AnimStarterPack/Reload_Rifle_Ironsights.uasset" 31
"C:/Users/Jimmy/Documents/UnrealProjects/Zombie/Content/AnimStarterPack/Reload_Shotgun_Hip.uasset" 32
"C:/Users/Jimmy/Documents/UnrealProjects/Zombie/Content/AnimStarterPack/Reload_Shotgun_Ironsights.uasset" 33
"C:/Users/Jimmy/Documents/UnrealProjects/Zombie/Content/AnimStarterPack/Sprint_Fwd_Rifle.uasset" 34
"C:/Users/Jimmy/Documents/UnrealProjects/Zombie/Content/AnimStarterPack/Stand_to_Crouch_Rifle_Hip.uasset" 35
"C:/Users/Jimmy/Documents/UnrealProjects/Zombie/Content/AnimStarterPack/Stand_to_Crouch_Rifle_Ironsights.uasset" 36
"C:/Users/Jimmy/Documents/UnrealProjects/Zombie/Content/AnimStarterPack/Stand_To_Prone.uasset" 37
"C:/Users/Jimmy/Documents/UnrealProjects/Zombie/Content/AnimStarterPack/Walk_Bwd_Rifle_Ironsights.uasset" 38
"C:/Users/Jimmy/Documents/UnrealProjects/Zombie/Content/AnimStarterPack/Walk_Lt_Rifle_Ironsights.uasset" 39
"C:/Users/Jimmy/Documents/UnrealProjects/Zombie/Content/AnimStarterPack/Walk_Rt_Rifle_Ironsights.uasset" 40
"C:/Users/Jimmy/Documents/UnrealProjects/Zombie/Content/FirstPerson/Character/Mesh/SK_Mannequin_Arms_Skeleton.uasset" 41
"C:/Users/Jimmy/Documents/UnrealProjects/Zombie/Content/FirstPerson/Animations/FirstPerson_Fire.uasset" 42
"C:/Users/Jimmy/Documents/UnrealProjects/Zombie/Content/FirstPerson/Animations/FirstPersonFire_Montage.uasset" 43
"C:/Users/Jimmy/Documents/UnrealProjects/Zombie/Content/FirstPerson/Animations/FirstPerson_Idle.uasset" 44
"C:/Users/Jimmy/Documents/UnrealProjects/Zombie/Content/FirstPerson/Animations/FirstPerson_JumpEnd.uasset" 45
"C:/Users/Jimmy/Documents/UnrealProjects/Zombie/Content/FirstPerson/Animations/FirstPerson_JumpLoop.uasset" 46
"C:/Users/Jimmy/Documents/UnrealProjects/Zombie/Content/FirstPerson/Animations/FirstPerson_JumpStart.uasset" 47
"C:/Users/Jimmy/Documents/UnrealProjects/Zombie/Content/FirstPerson/Animations/FirstPerson_Run.uasset" 48
"../../../Engine/Content/EditorBlueprintResources/StandardMacros.uasset" 49
"C:/Users/Jimmy/Documents/UnrealProjects/Zombie/Content/FirstPerson/Animations/FirstPerson_AnimBP.uasset" 50
"C:/Users/Jimmy/Documents/UnrealProjects/Zombie/Content/FirstPerson/Audio/FirstPersonTemplateWeaponFire02.uasset" 51
"../../../Engine/Content/Functions/Engine_MaterialFunctions02/Utility/BlendAngleCorrectedNormals.uasset" 52
"../../../Engine/Content/Functions/MaterialLayerFunctions/MatLayerBlend_NormalBlend.uasset" 53
"../../../Engine/Content/Functions/MaterialLayerFunctions/MatLayerBlend_Simple.uasset" 54
"C:/Users/Jimmy/Documents/UnrealProjects/Zombie/Content/FirstPerson/Character/Materials/MaterialLayers/T_ML_Rubber_Blue_01_D.uasset" 55
"C:/Users/Jimmy/Documents/UnrealProjects/Zombie/Content/FirstPerson/Character/Materials/MaterialLayers/T_ML_Rubber_Blue_01_N.uasset" 56
"C:/Users/Jimmy/Documents/UnrealProjects/Zombie/Content/FirstPerson/Character/Materials/MaterialLayers/ML_GlossyBlack_Latex_UE4.uasset" 57
"C:/Users/Jimmy/Documents/UnrealProjects/Zombie/Content/FirstPerson/Character/Materials/MaterialLayers/ML_Plastic_Shiny_Beige.uasset" 58
"C:/Users/Jimmy/Documents/UnrealProjects/Zombie/Content/FirstPerson/Character/Textures/UE4_LOGO_CARD.uasset" 59
"C:/Users/Jimmy/Documents/UnrealProjects/Zombie/Content/FirstPerson/Character/Materials/MaterialLayers/ML_Plastic_Shiny_Beige_LOGO.uasset" 60
"C:/Users/Jimmy/Documents/UnrealProjects/Zombie/Content/FirstPerson/Character/Materials/MaterialLayers/T_ML_Aluminum01.uasset" 61
"C:/Users/Jimmy/Documents/UnrealProjects/Zombie/Content/FirstPerson/Character/Materials/MaterialLayers/T_ML_Aluminum01_N.uasset" 62
"C:/Users/Jimmy/Documents/UnrealProjects/Zombie/Content/FirstPerson/Character/Materials/MaterialLayers/ML_SoftMetal_UE4.uasset" 63
"C:/Users/Jimmy/Documents/UnrealProjects/Zombie/Content/FirstPerson/Character/Textures/UE4_Mannequin__normals.uasset" 64
"C:/Users/Jimmy/Documents/UnrealProjects/Zombie/Content/FirstPerson/Character/Textures/UE4_Mannequin_MAT_MASKA.uasset" 65
"C:/Users/Jimmy/Documents/UnrealProjects/Zombie/Content/FirstPerson/Character/Materials/M_UE4Man_Body.uasset" 66
"C:/Users/Jimmy/Documents/UnrealProjects/Zombie/Content/FirstPerson/Character/Mesh/SK_Mannequin_Arms_PhysicsAsset.uasset" 67
"C:/Users/Jimmy/Documents/UnrealProjects/Zombie/Content/FirstPerson/Character/Mesh/SK_Mannequin_Arms.uasset" 68
"C:/Users/Jimmy/Documents/UnrealProjects/Zombie/Content/FirstPerson/FPWeapon/Materials/MaterialLayers/ML_Plastic_Shiny_Beige_LOGO.uasset" 69
"C:/Users/Jimmy/Documents/UnrealProjects/Zombie/Content/FirstPerson/FPWeapon/Materials/MaterialLayers/T_ML_FineRubber.uasset" 70
"C:/Users/Jimmy/Documents/UnrealProjects/Zombie/Content/FirstPerson/FPWeapon/Materials/MaterialLayers/T_ML_Rubber_Blue_01_D.uasset" 71
"C:/Users/Jimmy/Documents/UnrealProjects/Zombie/Content/FirstPerson/FPWeapon/Materials/MaterialLayers/T_ML_Rubber_Blue_01_N.uasset" 72
"C:/Users/Jimmy/Documents/UnrealProjects/Zombie/Content/FirstPerson/FPWeapon/Materials/MaterialLayers/ML_GlossyBlack_Latex_UE4.uasset" 73
"C:/Users/Jimmy/Documents/UnrealProjects/Zombie/Content/FirstPerson/FPWeapon/Materials/MaterialLayers/ML_Plastic_Shiny_Beige.uasset" 74
"C:/Users/Jimmy/Documents/UnrealProjects/Zombie/Content/FirstPerson/FPWeapon/Materials/MaterialLayers/ML_Screen.uasset" 75
"C:/Users/Jimmy/Documents/UnrealProjects/Zombie/Content/FirstPerson/FPWeapon/Materials/MaterialLayers/T_ML_Aluminum01.uasset" 76
"C:/Users/Jimmy/Documents/UnrealProjects/Zombie/Content/FirstPerson/FPWeapon/Materials/MaterialLayers/T_ML_Aluminum01_N.uasset" 77
"C:/Users/Jimmy/Documents/UnrealProjects/Zombie/Content/FirstPerson/FPWeapon/Materials/MaterialLayers/ML_SoftMetal_UE4.uasset" 78
"C:/Users/Jimmy/Documents/UnrealProjects/Zombie/Content/FirstPerson/FPWeapon/Textures/T_FPGun_M.uasset" 79
"C:/Users/Jimmy/Documents/UnrealProjects/Zombie/Content/FirstPerson/FPWeapon/Textures/T_FPGun_N.uasset" 80
"C:/Users/Jimmy/Documents/UnrealProjects/Zombie/Content/FirstPerson/FPWeapon/Materials/M_FPGun.uasset" 81
"C:/Users/Jimmy/Documents/UnrealProjects/Zombie/Content/FirstPerson/FPWeapon/Mesh/SK_FPGun_Skeleton.uasset" 82
"C:/Users/Jimmy/Documents/UnrealProjects/Zombie/Content/FirstPerson/FPWeapon/Mesh/SK_FPGun.uasset" 83
"C:/Users/Jimmy/Documents/UnrealProjects/Zombie/Content/FirstPerson/FPWeapon/Mesh/SK_FPGun_PhysicsAsset.uasset" 84
"C:/Users/Jimmy/Documents/UnrealProjects/Zombie/Content/FirstPerson/Meshes/BaseMaterial.uasset" 85
"C:/Users/Jimmy/Documents/UnrealProjects/Zombie/Content/FirstPerson/Meshes/FirstPersonProjectileMaterial.uasset" 86
"C:/Users/Jimmy/Documents/UnrealProjects/Zombie/Content/FirstPerson/Meshes/FirstPersonProjectileMesh.uasset" 87
"C:/Users/Jimmy/Documents/UnrealProjects/Zombie/Content/FirstPersonBP/MainMenu2.uasset" 88
"C:/Users/Jimmy/Documents/UnrealProjects/Zombie/Content/Geometry/Meshes/CubeMaterial.uasset" 89
"C:/Users/Jimmy/Documents/UnrealProjects/Zombie/Content/Geometry/Meshes/1M_Cube.uasset" 90
"C:/Users/Jimmy/Documents/UnrealProjects/Zombie/Content/FirstPersonBP/Blueprints/BaseItem.uasset" 91
"C:/Users/Jimmy/Documents/UnrealProjects/Zombie/Content/FirstPersonBP/Blueprints/BuyWeaponShotgunActor.uasset" 92
"C:/Users/Jimmy/Documents/UnrealProjects/Zombie/Content/FirstPerson/Textures/FirstPersonCrosshair.uasset" 93
"C:/Users/Jimmy/Documents/UnrealProjects/Zombie/Content/FirstPersonBP/Blueprints/FirstPersonHUD.uasset" 94
"C:/Users/Jimmy/Documents/UnrealProjects/Zombie/Content/StarterContent/Materials/M_Basic_Wall.uasset" 95
"C:/Users/Jimmy/Documents/UnrealProjects/Zombie/Content/StarterContent/Shapes/Shape_NarrowCapsule.uasset" 96
"C:/Users/Jimmy/Documents/UnrealProjects/Zombie/Content/FirstPersonBP/Blueprints/FirstPersonProjectile.uasset" 97
"C:/Users/Jimmy/Documents/UnrealProjects/Zombie/Content/FirstPersonBP/Blueprints/Rock_Texture.uasset" 98
"C:/Users/Jimmy/Documents/UnrealProjects/Zombie/Content/FirstPersonBP/Blueprints/Gay.uasset" 99
"C:/Users/Jimmy/Documents/UnrealProjects/Zombie/Content/FirstPersonBP/Blueprints/ImpactEffect.uasset" 100
"C:/Users/Jimmy/Documents/UnrealProjects/Zombie/Content/FirstPersonBP/Blueprints/Interface.uasset" 101
"C:/Users/Jimmy/Documents/UnrealProjects/Zombie/Content/FirstPersonBP/Blueprints/MenuActor.uasset" 102
"../../../Engine/Content/BasicShapes/BasicShapeMaterial.uasset" 103
"../../../Engine/Content/Functions/Engine_MaterialFunctions01/Opacity/CameraDepthFade.uasset" 104
"../../../Engine/Content/EngineMaterials/T_Default_Material_Grid_M.uasset" 105
"../../../Engine/Content/EngineMaterials/T_Default_Material_Grid_N.uasset" 106
"../../../Engine/Content/EngineMaterials/DefaultMaterial.uasset" 107
"../../../Engine/Content/BasicShapes/Sphere.uasset" 108
"C:/Users/Jimmy/Documents/UnrealProjects/Zombie/Content/FirstPersonBP/Blueprints/ProjectileBase.uasset" 109
"C:/Users/Jimmy/Documents/UnrealProjects/Zombie/Content/FirstPersonBP/Blueprints/WeaponType.uasset" 110
"C:/Users/Jimmy/Documents/UnrealProjects/Zombie/Content/FirstPersonBP/Blueprints/Mesh/material_21___23121.uasset" 111
"C:/Users/Jimmy/Documents/UnrealProjects/Zombie/Content/FirstPersonBP/Blueprints/Mesh/Floor.uasset" 112
"C:/Users/Jimmy/Documents/UnrealProjects/Zombie/Content/FirstPersonBP/Blueprints/Mesh/material_21___23120.uasset" 113
"C:/Users/Jimmy/Documents/UnrealProjects/Zombie/Content/FirstPersonBP/Blueprints/Mesh/model.uasset" 114
"C:/Users/Jimmy/Documents/UnrealProjects/Zombie/Content/FirstPersonBP/Blueprints/PlayerCharacters/ModelAndAnimations/Idle_Skeleton.uasset" 115
"C:/Users/Jimmy/Documents/UnrealProjects/Zombie/Content/FirstPersonBP/Blueprints/PlayerCharacters/ModelAndAnimations/Idle_2.uasset" 116
"C:/Users/Jimmy/Documents/UnrealProjects/Zombie/Content/FirstPersonBP/Blueprints/PlayerCharacters/ModelAndAnimations/Idle_Crouching.uasset" 117
"C:/Users/Jimmy/Documents/UnrealProjects/Zombie/Content/FirstPersonBP/Blueprints/PlayerCharacters/ModelAndAnimations/Jump_Loop.uasset" 118
"C:/Users/Jimmy/Documents/UnrealProjects/Zombie/Content/FirstPersonBP/Blueprints/PlayerCharacters/ModelAndAnimations/Rifle_Run.uasset" 119
"C:/Users/Jimmy/Documents/UnrealProjects/Zombie/Content/FirstPersonBP/Blueprints/PlayerCharacters/ModelAndAnimations/PlayerAnimations.uasset" 120
"C:/Users/Jimmy/Documents/UnrealProjects/Zombie/Content/AnimStarterPack/Aim_Space_Hip.uasset" 121
"C:/Users/Jimmy/Documents/UnrealProjects/Zombie/Content/FirstPersonBP/Blueprints/BasePowerup.uasset" 122
"C:/Users/Jimmy/Documents/UnrealProjects/Zombie/Content/FirstPersonBP/Blueprints/PlayerCharacters/ModelAndAnimations/Idle_Anim.uasset" 123
"C:/Users/Jimmy/Documents/UnrealProjects/Zombie/Content/FirstPersonBP/Blueprints/PlayerCharacters/ModelAndAnimations/Zombie_Attack__2_.uasset" 124
"C:/Users/Jimmy/Documents/UnrealProjects/Zombie/Content/FirstPersonBP/Blueprints/PlayerCharacters/ModelAndAnimations/ZombieAnimation.uasset" 125
"C:/Users/Jimmy/Documents/UnrealProjects/Zombie/Content/FirstPersonBP/Blueprints/Widgets/UI_Debug_DamageInfo.uasset" 126
"C:/Users/Jimmy/Documents/UnrealProjects/Zombie/Content/FirstPersonBP/Blueprints/DamageFeedback.uasset" 127
"C:/Users/Jimmy/Documents/UnrealProjects/Zombie/Content/FirstPersonBP/Blueprints/AmmoType.uasset" 128
"C:/Users/Jimmy/Documents/UnrealProjects/Zombie/Content/FirstPersonBP/Blueprints/AmmoData.uasset" 129
"C:/Users/Jimmy/Documents/UnrealProjects/Zombie/Content/FirstPersonBP/Blueprints/TakeDamage.uasset" 130
"C:/Users/Jimmy/Documents/UnrealProjects/Zombie/Content/FirstPersonBP/Blueprints/PlayerCharacters/ModelAndAnimations/Zombie.uasset" 131
"C:/Users/Jimmy/Documents/UnrealProjects/Zombie/Content/FirstPersonBP/Blueprints/PlayerCharacters/ModelAndAnimations/ZombieMaterial.uasset" 132
"C:/Users/Jimmy/Documents/UnrealProjects/Zombie/Content/FirstPersonBP/Blueprints/PlayerCharacters/ModelAndAnimations/meme_mobile.uasset" 133
"C:/Users/Jimmy/Documents/UnrealProjects/Zombie/Content/FirstPersonBP/Blueprints/PlayerCharacters/ModelAndAnimations/PlayerCharacterMaterial.uasset" 134
"C:/Users/Jimmy/Documents/UnrealProjects/Zombie/Content/FirstPersonBP/Blueprints/PlayerCharacters/ModelAndAnimations/PlayerCharacterR_PhysicsAsset.uasset" 135
"C:/Users/Jimmy/Documents/UnrealProjects/Zombie/Content/FirstPersonBP/Blueprints/PlayerCharacters/ModelAndAnimations/PlayerCharacterR.uasset" 136
"C:/Users/Jimmy/Documents/UnrealProjects/Zombie/Content/FirstPersonBP/Blueprints/BaseZombie.uasset" 137
"../../../Engine/Content/EngineMaterials/WorldGridMaterial.uasset" 138
"../../../Engine/Content/BasicShapes/Cube.uasset" 139
"C:/Users/Jimmy/Documents/UnrealProjects/Zombie/Content/FirstPersonBP/Blueprints/Buildings/Floor.uasset" 140
"C:/Users/Jimmy/Documents/UnrealProjects/Zombie/Content/FirstPersonBP/Blueprints/Buildings/Wall.uasset" 141
"C:/Users/Jimmy/Documents/UnrealProjects/Zombie/Content/FirstPersonBP/Blueprints/PlayerCharacters/VoiceLines/Damn.uasset" 142
"C:/Users/Jimmy/Documents/UnrealProjects/Zombie/Content/FirstPersonBP/Blueprints/PlayerCharacters/David.uasset" 143
"C:/Users/Jimmy/Documents/UnrealProjects/Zombie/Content/FirstPersonBP/Blueprints/PlayerCharacters/Matt.uasset" 144
"C:/Users/Jimmy/Documents/UnrealProjects/Zombie/Content/FirstPersonBP/Blueprints/PlayerCharacters/Olin.uasset" 145
"C:/Users/Jimmy/Documents/UnrealProjects/Zombie/Content/FirstPersonBP/Blueprints/WaveBlueprint/EnemyPortalThing.uasset" 146
"C:/Users/Jimmy/Documents/UnrealProjects/Zombie/Content/FirstPersonBP/Blueprints/ZombieSpawnPoint.uasset" 147
"C:/Users/Jimmy/Documents/UnrealProjects/Zombie/Content/FirstPersonBP/Blueprints/BuildableObjects.uasset" 148
"C:/Users/Jimmy/Documents/UnrealProjects/Zombie/Content/FirstPersonBP/Blueprints/FirstPersonGameMode.uasset" 149
"../../../Engine/Content/EditorBlueprintResources/ActorMacros.uasset" 150
"C:/Users/Jimmy/Documents/UnrealProjects/Zombie/Content/FirstPersonBP/Blueprints/AddScore.uasset" 151
"C:/Users/Jimmy/Documents/UnrealProjects/Zombie/Content/FirstPersonBP/Blueprints/PickupWeapon.uasset" 152
"C:/Users/Jimmy/Documents/UnrealProjects/Zombie/Content/FirstPersonBP/Blueprints/AK47/AK_diffuse.uasset" 153
"C:/Users/Jimmy/Documents/UnrealProjects/Zombie/Content/FirstPersonBP/Blueprints/AK47/AK_normal.uasset" 154
"C:/Users/Jimmy/Documents/UnrealProjects/Zombie/Content/FirstPersonBP/Blueprints/AK47/AK_specular.uasset" 155
"C:/Users/Jimmy/Documents/UnrealProjects/Zombie/Content/FirstPersonBP/Blueprints/AK47/AKMat.uasset" 156
"C:/Users/Jimmy/Documents/UnrealProjects/Zombie/Content/FirstPersonBP/Blueprints/AK47/AK_PhysicsAsset.uasset" 157
"C:/Users/Jimmy/Documents/UnrealProjects/Zombie/Content/FirstPersonBP/Blueprints/AK47/AK_Skeleton.uasset" 158
"C:/Users/Jimmy/Documents/UnrealProjects/Zombie/Content/FirstPersonBP/Blueprints/AK47/AK.uasset" 159
"C:/Users/Jimmy/Documents/UnrealProjects/Zombie/Content/FirstPersonBP/Blueprints/BaseWeaponBP.uasset" 160
"C:/Users/Jimmy/Documents/UnrealProjects/Zombie/Content/FirstPersonBP/Blueprints/WeaponBackpackItem.uasset" 161
"C:/Users/Jimmy/Documents/UnrealProjects/Zombie/Content/FirstPersonBP/Blueprints/CharacterArray.uasset" 162
"C:/Users/Jimmy/Documents/UnrealProjects/Zombie/Content/FirstPersonBP/Blueprints/Shotgun2point0/1227728_1.uasset" 163
"C:/Users/Jimmy/Documents/UnrealProjects/Zombie/Content/FirstPersonBP/Blueprints/Shotgun2point0/download__1_.uasset" 164
"C:/Users/Jimmy/Documents/UnrealProjects/Zombie/Content/FirstPersonBP/Blueprints/Shotgun2point0/download__2_.uasset" 165
"C:/Users/Jimmy/Documents/UnrealProjects/Zombie/Content/FirstPersonBP/Blueprints/MyGameInstance.uasset" 166
"C:/Users/Jimmy/Documents/UnrealProjects/Zombie/Content/FirstPersonBP/Blueprints/CellShading2.uasset" 167
"C:/Users/Jimmy/Documents/UnrealProjects/Zombie/Content/FirstPersonBP/Blueprints/CellShading2_Inst.uasset" 168
"C:/Users/Jimmy/Documents/UnrealProjects/Zombie/Content/VoiceChat.uasset" 169
"C:/Users/Jimmy/Documents/UnrealProjects/Zombie/Content/FirstPersonBP/Blueprints/PlayerCharacters/VoiceLines/booyyah.uasset" 170
"C:/Users/Jimmy/Documents/UnrealProjects/Zombie/Content/FirstPersonBP/Blueprints/PlayerCharacters/VoiceLines/got_one.uasset" 171
"C:/Users/Jimmy/Documents/UnrealProjects/Zombie/Content/FirstPersonBP/Blueprints/PlayerCharacters/VoiceLines/one_down.uasset" 172
"C:/Users/Jimmy/Documents/UnrealProjects/Zombie/Content/FirstPersonBP/Blueprints/Widgets/BuildingWidget.uasset" 173
"C:/Users/Jimmy/Documents/UnrealProjects/Zombie/Content/FirstPersonBP/Blueprints/Widgets/NoHMDUserHUD.uasset" 174
"C:/Users/Jimmy/Documents/UnrealProjects/Zombie/Content/FirstPersonBP/Blueprints/Widgets/UI_Debug_WeaponInventoryItem.uasset" 175
"C:/Users/Jimmy/Documents/UnrealProjects/Zombie/Content/FirstPersonBP/Blueprints/Widgets/UI_DebugWeaponSelection.uasset" 176
"C:/Users/Jimmy/Documents/UnrealProjects/Zombie/Content/FirstPersonBP/Blueprints/Widgets/high-volume.uasset" 177
"C:/Users/Jimmy/Documents/UnrealProjects/Zombie/Content/FirstPersonBP/Blueprints/Widgets/VoiceChat.uasset" 178
"C:/Users/Jimmy/Documents/UnrealProjects/Zombie/Content/FirstPersonBP/Blueprints/PlayerCharacters/NoHMDCharacter.uasset" 179
"C:/Users/Jimmy/Documents/UnrealProjects/Zombie/Content/FirstPersonBP/Blueprints/PlayerCharacters/Abe.uasset" 180
"C:/Users/Jimmy/Documents/UnrealProjects/Zombie/Content/FirstPersonBP/Blueprints/PlayerCharacters/PlayerController.uasset" 181
"C:/Users/Jimmy/Documents/UnrealProjects/Zombie/Content/FirstPersonBP/Blueprints/PlayerCharacters/StartingCharacter.uasset" 182
"C:/Users/Jimmy/Documents/UnrealProjects/Zombie/Content/FirstPersonBP/Blueprints/PlayerCharacters/ModelAndAnimations/Head.uasset" 183
"C:/Users/Jimmy/Documents/UnrealProjects/Zombie/Content/FirstPersonBP/Blueprints/PlayerCharacters/ModelAndAnimations/LeftArm.uasset" 184
"C:/Users/Jimmy/Documents/UnrealProjects/Zombie/Content/FirstPersonBP/Blueprints/PlayerCharacters/ModelAndAnimations/Legs.uasset" 185
"C:/Users/Jimmy/Documents/UnrealProjects/Zombie/Content/FirstPersonBP/Blueprints/PlayerCharacters/ModelAndAnimations/RightArm.uasset" 186
"C:/Users/Jimmy/Documents/UnrealProjects/Zombie/Content/FirstPersonBP/Blueprints/PlayerCharacters/ModelAndAnimations/Idle_PhysicsAsset.uasset" 187
"C:/Users/Jimmy/Documents/UnrealProjects/Zombie/Content/FirstPersonBP/Blueprints/PlayerCharacters/ModelAndAnimations/Idle.uasset" 188
"C:/Users/Jimmy/Documents/UnrealProjects/Zombie/Content/FirstPersonBP/Blueprints/PlayerCharacters/ModelAndAnimations/material_21___17548.uasset" 189
"C:/Users/Jimmy/Documents/UnrealProjects/Zombie/Content/FirstPersonBP/Blueprints/PlayerCharacters/ModelAndAnimations/material_21___17548_001.uasset" 190
"C:/Users/Jimmy/Documents/UnrealProjects/Zombie/Content/FirstPersonBP/Blueprints/PlayerCharacters/ModelAndAnimations/material_21___17548_002.uasset" 191
"C:/Users/Jimmy/Documents/UnrealProjects/Zombie/Content/FirstPersonBP/Blueprints/PlayerCharacters/ModelAndAnimations/material_21___17548_003.uasset" 192
"C:/Users/Jimmy/Documents/UnrealProjects/Zombie/Content/FirstPersonBP/Blueprints/PlayerCharacters/ModelAndAnimations/material_21___17548_004.uasset" 193
"C:/Users/Jimmy/Documents/UnrealProjects/Zombie/Content/FirstPersonBP/Blueprints/PlayerCharacters/ModelAndAnimations/meme2.uasset" 194
"C:/Users/Jimmy/Documents/UnrealProjects/Zombie/Content/FirstPersonBP/Blueprints/PlayerCharacters/ModelAndAnimations/Pistol_Run.uasset" 195
"C:/Users/Jimmy/Documents/UnrealProjects/Zombie/Content/FirstPersonBP/Blueprints/PlayerCharacters/ModelAndAnimations/meme.uasset" 196
"C:/Users/Jimmy/Documents/UnrealProjects/Zombie/Content/FirstPersonBP/Blueprints/PlayerCharacters/ModelAndAnimations/PlayerCharacter.uasset" 197
"C:/Users/Jimmy/Documents/UnrealProjects/Zombie/Content/FirstPersonBP/Blueprints/PlayerCharacters/ModelAndAnimations/Punching.uasset" 198
"C:/Users/Jimmy/Documents/UnrealProjects/Zombie/Content/FirstPersonBP/Blueprints/PlayerCharacters/ModelAndAnimations/Walking__1_.uasset" 199
"C:/Users/Jimmy/Documents/UnrealProjects/Zombie/Content/FirstPersonBP/Blueprints/PlayerCharacters/VoiceLines/jg_diff.uasset" 200
"C:/Users/Jimmy/Documents/UnrealProjects/Zombie/Content/FirstPersonBP/Blueprints/PlayerCharacters/VoiceLines/LAGGGG.uasset" 201
"C:/Users/Jimmy/Documents/UnrealProjects/Zombie/Content/FirstPersonBP/Blueprints/PlayerCharacters/VoiceLines/lose_is_improve.uasset" 202
"C:/Users/Jimmy/Documents/UnrealProjects/Zombie/Content/FirstPersonBP/Blueprints/Shotgun/initialShadingGroup.uasset" 203
"C:/Users/Jimmy/Documents/UnrealProjects/Zombie/Content/FirstPersonBP/Blueprints/Shotgun/Normal.uasset" 204
"C:/Users/Jimmy/Documents/UnrealProjects/Zombie/Content/FirstPersonBP/Blueprints/Shotgun/Diffuse.uasset" 205
"C:/Users/Jimmy/Documents/UnrealProjects/Zombie/Content/FirstPersonBP/Blueprints/Shotgun/Gloss.uasset" 206
"C:/Users/Jimmy/Documents/UnrealProjects/Zombie/Content/FirstPersonBP/Blueprints/Shotgun/Specular.uasset" 207
"C:/Users/Jimmy/Documents/UnrealProjects/Zombie/Content/FirstPersonBP/Blueprints/Shotgun/ShotgunMaterial.uasset" 208
"C:/Users/Jimmy/Documents/UnrealProjects/Zombie/Content/FirstPersonBP/Blueprints/Shotgun/Shotgun_LowPoly_PhysicsAsset.uasset" 209
"C:/Users/Jimmy/Documents/UnrealProjects/Zombie/Content/FirstPersonBP/Blueprints/Shotgun/Shotgun_LowPoly_Skeleton.uasset" 210
"C:/Users/Jimmy/Documents/UnrealProjects/Zombie/Content/FirstPersonBP/Blueprints/Shotgun/Shotgun_LowPoly.uasset" 211
"C:/Users/Jimmy/Documents/UnrealProjects/Zombie/Content/FirstPersonBP/Blueprints/Shotgun2point0/ShotgunMat.uasset" 212
"C:/Users/Jimmy/Documents/UnrealProjects/Zombie/Content/FirstPersonBP/Blueprints/Shotgun2point0/Shotgun_FBX_mesh_1590632872_PhysicsAsset.uasset" 213
"C:/Users/Jimmy/Documents/UnrealProjects/Zombie/Content/FirstPersonBP/Blueprints/Shotgun2point0/Shotgun_FBX_mesh_1590632872_Skeleton.uasset" 214
"C:/Users/Jimmy/Documents/UnrealProjects/Zombie/Content/FirstPersonBP/Blueprints/Shotgun2point0/Shotgun_FBX.uasset" 215
"C:/Users/Jimmy/Documents/UnrealProjects/Zombie/Content/FirstPersonBP/Blueprints/WaveBlueprint/Easy.uasset" 216
"C:/Users/Jimmy/Documents/UnrealProjects/Zombie/Content/FirstPersonBP/Blueprints/WaveBlueprint/Hard.uasset" 217
"C:/Users/Jimmy/Documents/UnrealProjects/Zombie/Content/FirstPersonBP/Blueprints/WaveBlueprint/Normal.uasset" 218
"C:/Users/Jimmy/Documents/UnrealProjects/Zombie/Content/FirstPersonBP/Blueprints/Weapons/AR-15_PhysicsAsset.uasset" 219
"C:/Users/Jimmy/Documents/UnrealProjects/Zombie/Content/FirstPersonBP/Blueprints/Weapons/AR-15_Skeleton.uasset" 220
"C:/Users/Jimmy/Documents/UnrealProjects/Zombie/Content/FirstPersonBP/Blueprints/Weapons/AR-15.uasset" 221
"C:/Users/Jimmy/Documents/UnrealProjects/Zombie/Content/FirstPersonBP/Blueprints/Weapons/material_23___12045.uasset" 222
"C:/Users/Jimmy/Documents/UnrealProjects/Zombie/Content/FirstPersonBP/Blueprints/Widgets/CharacterWidget.uasset" 223
"C:/Users/Jimmy/Documents/UnrealProjects/Zombie/Content/FirstPersonBP/Blueprints/SaveOptions.uasset" 224
"C:/Users/Jimmy/Documents/UnrealProjects/Zombie/Content/FirstPersonBP/Blueprints/Widgets/ServerChild.uasset" 225
"C:/Users/Jimmy/Documents/UnrealProjects/Zombie/Content/FirstPersonBP/Blueprints/Widgets/Multiplayer.uasset" 226
"C:/Users/Jimmy/Documents/UnrealProjects/Zombie/Content/FirstPersonBP/Blueprints/Widgets/MainMenuUMG.uasset" 227
"C:/Users/Jimmy/Documents/UnrealProjects/Zombie/Content/FirstPersonBP/Blueprints/Widgets/PlayerNamePlate.uasset" 228
"C:/Users/Jimmy/Documents/UnrealProjects/Zombie/Content/FirstPersonBP/Blueprints/Widgets/UI_DebugEnemyHealth.uasset" 229
"C:/Users/Jimmy/Documents/UnrealProjects/Zombie/Content/Mannequin/Character/Mesh/UE4_Mannequin_Skeleton.uasset" 230
"C:/Users/Jimmy/Documents/UnrealProjects/Zombie/Content/Mannequin/Animations/ThirdPersonJump_End.uasset" 231
"C:/Users/Jimmy/Documents/UnrealProjects/Zombie/Content/Mannequin/Animations/ThirdPerson_Jump.uasset" 232
"C:/Users/Jimmy/Documents/UnrealProjects/Zombie/Content/Mannequin/Animations/ThirdPersonJump_Loop.uasset" 233
"C:/Users/Jimmy/Documents/UnrealProjects/Zombie/Content/Mannequin/Animations/ThirdPersonJump_Start.uasset" 234
"C:/Users/Jimmy/Documents/UnrealProjects/Zombie/Content/Mannequin/Animations/ThirdPersonIdle.uasset" 235
"C:/Users/Jimmy/Documents/UnrealProjects/Zombie/Content/Mannequin/Animations/ThirdPersonRun.uasset" 236
"C:/Users/Jimmy/Documents/UnrealProjects/Zombie/Content/Mannequin/Animations/ThirdPersonWalk.uasset" 237
"C:/Users/Jimmy/Documents/UnrealProjects/Zombie/Content/Mannequin/Animations/ThirdPerson_IdleRun_2D.uasset" 238
"C:/Users/Jimmy/Documents/UnrealProjects/Zombie/Content/Mannequin/Animations/ThirdPerson_AnimBP.uasset" 239
"C:/Users/Jimmy/Documents/UnrealProjects/Zombie/Content/StarterContent/Architecture/Pillar_50x500.uasset" 240
"C:/Users/Jimmy/Documents/UnrealProjects/Zombie/Content/StarterContent/Architecture/Wall_400x300.uasset" 241
"C:/Users/Jimmy/Documents/UnrealProjects/Zombie/Content/StarterContent/Architecture/Wall_400x400.uasset" 242
"C:/Users/Jimmy/Documents/UnrealProjects/Zombie/Content/StarterContent/Architecture/Wall_500x500.uasset" 243
"C:/Users/Jimmy/Documents/UnrealProjects/Zombie/Content/StarterContent/Architecture/Wall_Door_400x400.uasset" 244
"C:/Users/Jimmy/Documents/UnrealProjects/Zombie/Content/StarterContent/Architecture/Wall_Window_400x400.uasset" 245
"C:/Users/Jimmy/Documents/UnrealProjects/Zombie/Content/StarterContent/Audio/Collapse01.uasset" 246
"C:/Users/Jimmy/Documents/UnrealProjects/Zombie/Content/StarterContent/Audio/Collapse02.uasset" 247
"C:/Users/Jimmy/Documents/UnrealProjects/Zombie/Content/StarterContent/Audio/Explosion01.uasset" 248
"C:/Users/Jimmy/Documents/UnrealProjects/Zombie/Content/StarterContent/Audio/Explosion02.uasset" 249
"C:/Users/Jimmy/Documents/UnrealProjects/Zombie/Content/StarterContent/Audio/Fire01.uasset" 250
"C:/Users/Jimmy/Documents/UnrealProjects/Zombie/Content/StarterContent/Audio/Fire_Sparks01.uasset" 251
"C:/Users/Jimmy/Documents/UnrealProjects/Zombie/Content/StarterContent/Audio/Light01.uasset" 252
"C:/Users/Jimmy/Documents/UnrealProjects/Zombie/Content/StarterContent/Audio/Light01_Cue.uasset" 253
"C:/Users/Jimmy/Documents/UnrealProjects/Zombie/Content/StarterContent/Audio/Light02.uasset" 254
"C:/Users/Jimmy/Documents/UnrealProjects/Zombie/Content/StarterContent/Audio/Light02_Cue.uasset" 255
"C:/Users/Jimmy/Documents/UnrealProjects/Zombie/Content/StarterContent/Audio/Smoke01.uasset" 256
"C:/Users/Jimmy/Documents/UnrealProjects/Zombie/Content/StarterContent/Audio/Starter_Birds01.uasset" 257
"C:/Users/Jimmy/Documents/UnrealProjects/Zombie/Content/StarterContent/Audio/Starter_Music01.uasset" 258
"C:/Users/Jimmy/Documents/UnrealProjects/Zombie/Content/StarterContent/Audio/Starter_Wind05.uasset" 259
"C:/Users/Jimmy/Documents/UnrealProjects/Zombie/Content/StarterContent/Audio/Starter_Wind06.uasset" 260
"C:/Users/Jimmy/Documents/UnrealProjects/Zombie/Content/StarterContent/Audio/Steam01.uasset" 261
"C:/Users/Jimmy/Documents/UnrealProjects/Zombie/Content/StarterContent/Audio/Explosion_Cue.uasset" 262
"C:/Users/Jimmy/Documents/UnrealProjects/Zombie/Content/StarterContent/Textures/T_Burst_M.uasset" 263
"C:/Users/Jimmy/Documents/UnrealProjects/Zombie/Content/StarterContent/Particles/Materials/M_Burst.uasset" 264
"C:/Users/Jimmy/Documents/UnrealProjects/Zombie/Content/StarterContent/Textures/T_Explosion_SubUV.uasset" 265
"C:/Users/Jimmy/Documents/UnrealProjects/Zombie/Content/StarterContent/Particles/Materials/M_explosion_subUV.uasset" 266
"C:/Users/Jimmy/Documents/UnrealProjects/Zombie/Content/StarterContent/Particles/Materials/m_flare_01.uasset" 267
"../../../Engine/Content/Functions/Engine_MaterialFunctions01/Gradient/RadialGradient.uasset" 268
"C:/Users/Jimmy/Documents/UnrealProjects/Zombie/Content/StarterContent/Particles/Materials/M_radial_ramp.uasset" 269
"C:/Users/Jimmy/Documents/UnrealProjects/Zombie/Content/StarterContent/Textures/T_Smoke_SubUV.uasset" 270
"C:/Users/Jimmy/Documents/UnrealProjects/Zombie/Content/StarterContent/Textures/T_Smoke_Tiled_D.uasset" 271
"C:/Users/Jimmy/Documents/UnrealProjects/Zombie/Content/StarterContent/Particles/Materials/M_smoke_subUV.uasset" 272
"C:/Users/Jimmy/Documents/UnrealProjects/Zombie/Content/StarterContent/Particles/P_Explosion.uasset" 273
"C:/Users/Jimmy/Documents/UnrealProjects/Zombie/Content/StarterContent/Blueprints/Blueprint_Effect_Explosion.uasset" 274
"../../../Engine/Content/EditorMeshes/ColorCalibrator/T_ColorGrid.uasset" 275
"C:/Users/Jimmy/Documents/UnrealProjects/Zombie/Content/StarterContent/Materials/M_ColorGrid_LowSpec.uasset" 276
"C:/Users/Jimmy/Documents/UnrealProjects/Zombie/Content/StarterContent/Textures/T_Bush_D.uasset" 277
"C:/Users/Jimmy/Documents/UnrealProjects/Zombie/Content/StarterContent/Textures/T_Bush_N.uasset" 278
"C:/Users/Jimmy/Documents/UnrealProjects/Zombie/Content/StarterContent/Props/Materials/M_Bush.uasset" 279
"C:/Users/Jimmy/Documents/UnrealProjects/Zombie/Content/StarterContent/Props/SM_Bush.uasset" 280
"C:/Users/Jimmy/Documents/UnrealProjects/Zombie/Content/StarterContent/Textures/T_Chair_M.uasset" 281
"C:/Users/Jimmy/Documents/UnrealProjects/Zombie/Content/StarterContent/Textures/T_Chair_N.uasset" 282
"C:/Users/Jimmy/Documents/UnrealProjects/Zombie/Content/StarterContent/Props/Materials/M_Chair.uasset" 283
"C:/Users/Jimmy/Documents/UnrealProjects/Zombie/Content/StarterContent/Props/SM_Couch.uasset" 284
"C:/Users/Jimmy/Documents/UnrealProjects/Zombie/Content/StarterContent/Materials/M_Glass.uasset" 285
"C:/Users/Jimmy/Documents/UnrealProjects/Zombie/Content/StarterContent/Textures/T_Door_M.uasset" 286
"C:/Users/Jimmy/Documents/UnrealProjects/Zombie/Content/StarterContent/Textures/T_Door_N.uasset" 287
"C:/Users/Jimmy/Documents/UnrealProjects/Zombie/Content/StarterContent/Props/Materials/M_Door.uasset" 288
"C:/Users/Jimmy/Documents/UnrealProjects/Zombie/Content/StarterContent/Props/SM_Door.uasset" 289
"C:/Users/Jimmy/Documents/UnrealProjects/Zombie/Content/StarterContent/Props/Materials/M_MaterialSphere.uasset" 290
"C:/Users/Jimmy/Documents/UnrealProjects/Zombie/Content/StarterContent/Props/Materials/M_MaterialSphere_Plain.uasset" 291
"C:/Users/Jimmy/Documents/UnrealProjects/Zombie/Content/StarterContent/Props/SM_MatPreviewMesh_02.uasset" 292
"C:/Users/Jimmy/Documents/UnrealProjects/Zombie/Content/StarterContent/Textures/T_Detail_Rocky_N.uasset" 293
"C:/Users/Jimmy/Documents/UnrealProjects/Zombie/Content/StarterContent/Textures/T_Rock_Basalt_D.uasset" 294
"C:/Users/Jimmy/Documents/UnrealProjects/Zombie/Content/StarterContent/Textures/T_RockMesh_M.uasset" 295
"C:/Users/Jimmy/Documents/UnrealProjects/Zombie/Content/StarterContent/Textures/T_RockMesh_N.uasset" 296
"C:/Users/Jimmy/Documents/UnrealProjects/Zombie/Content/StarterContent/Props/Materials/M_Rock.uasset" 297
"C:/Users/Jimmy/Documents/UnrealProjects/Zombie/Content/StarterContent/Props/SM_Rock.uasset" 298
"C:/Users/Jimmy/Documents/UnrealProjects/Zombie/Content/StarterContent/Textures/T_Shelf_M.uasset" 299
"C:/Users/Jimmy/Documents/UnrealProjects/Zombie/Content/StarterContent/Textures/T_Shelf_N.uasset" 300
"C:/Users/Jimmy/Documents/UnrealProjects/Zombie/Content/StarterContent/Props/Materials/M_Shelf.uasset" 301
"C:/Users/Jimmy/Documents/UnrealProjects/Zombie/Content/StarterContent/Props/SM_Shelf.uasset" 302
"C:/Users/Jimmy/Documents/UnrealProjects/Zombie/Content/StarterContent/Materials/M_Basic_Floor.uasset" 303
"C:/Users/Jimmy/Documents/UnrealProjects/Zombie/Content/StarterContent/Props/SM_Stairs.uasset" 304
"C:/Users/Jimmy/Documents/UnrealProjects/Zombie/Content/StarterContent/Shapes/Shape_Cone.uasset" 305
"C:/Users/Jimmy/Documents/UnrealProjects/Zombie/Content/StarterContent/Shapes/Shape_Cylinder.uasset" 306
"C:/Users/Jimmy/Documents/UnrealProjects/Zombie/Content/StarterContent/Shapes/Shape_Pipe.uasset" 307
"C:/Users/Jimmy/Documents/UnrealProjects/Zombie/Content/StarterContent/Shapes/Shape_Pipe_180.uasset" 308
"C:/Users/Jimmy/Documents/UnrealProjects/Zombie/Content/StarterContent/Shapes/Shape_Pipe_90.uasset" 309
"C:/Users/Jimmy/Documents/UnrealProjects/Zombie/Content/StarterContent/Shapes/Shape_Plane.uasset" 310
"C:/Users/Jimmy/Documents/UnrealProjects/Zombie/Content/StarterContent/Shapes/Shape_Torus.uasset" 311
"C:/Users/Jimmy/Documents/UnrealProjects/Zombie/Content/StarterContent/Shapes/Shape_Trim.uasset" 312
"C:/Users/Jimmy/Documents/UnrealProjects/Zombie/Content/StarterContent/Shapes/Shape_Trim_90_In.uasset" 313
"C:/Users/Jimmy/Documents/UnrealProjects/Zombie/Content/StarterContent/Shapes/Shape_Trim_90_Out.uasset" 314
"C:/Users/Jimmy/Documents/UnrealProjects/Zombie/Content/StarterContent/Shapes/Shape_TriPyramid.uasset" 315
"C:/Users/Jimmy/Documents/UnrealProjects/Zombie/Content/StarterContent/Shapes/Shape_Tube.uasset" 316
"C:/Users/Jimmy/Documents/UnrealProjects/Zombie/Content/StarterContent/Shapes/Shape_Wedge_A.uasset" 317
"C:/Users/Jimmy/Documents/UnrealProjects/Zombie/Content/StarterContent/Shapes/Shape_Wedge_B.uasset" 318
"C:/Users/Jimmy/Documents/UnrealProjects/Zombie/Content/StarterContent/Shapes/Shape_WideCapsule.uasset" 319
"C:/Users/Jimmy/Documents/UnrealProjects/Zombie/Content/Mannequin/Character/Materials/MaterialLayers/T_ML_Rubber_Blue_01_D.uasset" 320
"C:/Users/Jimmy/Documents/UnrealProjects/Zombie/Content/Mannequin/Character/Materials/MaterialLayers/T_ML_Rubber_Blue_01_N.uasset" 321
"C:/Users/Jimmy/Documents/UnrealProjects/Zombie/Content/Mannequin/Character/Materials/MaterialLayers/ML_GlossyBlack_Latex_UE4.uasset" 322
"C:/Users/Jimmy/Documents/UnrealProjects/Zombie/Content/Mannequin/Character/Materials/MaterialLayers/ML_Plastic_Shiny_Beige.uasset" 323
"C:/Users/Jimmy/Documents/UnrealProjects/Zombie/Content/Mannequin/Character/Textures/UE4_LOGO_CARD.uasset" 324
"C:/Users/Jimmy/Documents/UnrealProjects/Zombie/Content/Mannequin/Character/Materials/MaterialLayers/ML_Plastic_Shiny_Beige_LOGO.uasset" 325
"C:/Users/Jimmy/Documents/UnrealProjects/Zombie/Content/Mannequin/Character/Materials/MaterialLayers/T_ML_Aluminum01.uasset" 326
"C:/Users/Jimmy/Documents/UnrealProjects/Zombie/Content/Mannequin/Character/Materials/MaterialLayers/T_ML_Aluminum01_N.uasset" 327
"C:/Users/Jimmy/Documents/UnrealProjects/Zombie/Content/Mannequin/Character/Materials/MaterialLayers/ML_SoftMetal_UE4.uasset" 328
"C:/Users/Jimmy/Documents/UnrealProjects/Zombie/Content/Mannequin/Character/Textures/UE4_Mannequin__normals.uasset" 329
"C:/Users/Jimmy/Documents/UnrealProjects/Zombie/Content/Mannequin/Character/Textures/UE4_Mannequin_MAT_MASKA.uasset" 330
"C:/Users/Jimmy/Documents/UnrealProjects/Zombie/Content/Mannequin/Character/Materials/M_UE4Man_Body.uasset" 331
"C:/Users/Jimmy/Documents/UnrealProjects/Zombie/Content/Mannequin/Character/Textures/UE4Man_Logo_N.uasset" 332
"C:/Users/Jimmy/Documents/UnrealProjects/Zombie/Content/Mannequin/Character/Materials/M_UE4Man_ChestLogo.uasset" 333
"C:/Users/Jimmy/Documents/UnrealProjects/Zombie/Content/Mannequin/Character/Mesh/SK_Mannequin_PhysicsAsset.uasset" 334
"C:/Users/Jimmy/Documents/UnrealProjects/Zombie/Content/Mannequin/Character/Mesh/SK_Mannequin.uasset" 335
"C:/Users/Jimmy/Documents/UnrealProjects/Zombie/Content/ThirdPersonBP/Blueprints/ThirdPersonCharacter.uasset" 336
"C:/Users/Jimmy/Documents/UnrealProjects/Zombie/Content/ThirdPersonBP/Blueprints/ThirdPersonGameMode.uasset" 337
"../../../Engine/Content/BasicShapes/Cone.uasset" 338
"../../../Engine/Content/BasicShapes/Cylinder.uasset" 339
"../../../Engine/Content/BasicShapes/Plane.uasset" 340
"../../../Engine/Content/EditorLandscapeResources/DataLayer.uasset" 341
"../../../Engine/Content/EditorMaterials/GizmoMaterial.uasset" 342
"../../../Engine/Content/EditorMaterials/MAT_Groups_Toggle.uasset" 343
"../../../Engine/Content/EditorMaterials/MAT_Groups_Visibility.uasset" 344
"../../../Engine/Content/EditorMaterials/PreviewShadowIndicator.uasset" 345
"../../../Engine/Content/EditorMaterials/PreviewShadowIndicatorMaterial.uasset" 346
"../../../Engine/Content/EditorMaterials/MatineeGroups/MAT_ColorTrack.uasset" 347
"../../../Engine/Content/EditorMaterials/MatineeGroups/MAT_Groups_Anim.uasset" 348
"../../../Engine/Content/EditorMaterials/MatineeGroups/MAT_Groups_AudioMaster.uasset" 349
"../../../Engine/Content/EditorMaterials/MatineeGroups/MAT_Groups_Director.uasset" 350
"../../../Engine/Content/EditorMaterials/MatineeGroups/MAT_Groups_Event.uasset" 351
"../../../Engine/Content/EditorMaterials/MatineeGroups/MAT_Groups_Fade.uasset" 352
"../../../Engine/Content/EditorMaterials/MatineeGroups/MAT_Groups_Float.uasset" 353
"../../../Engine/Content/EditorMaterials/MatineeGroups/MAT_Groups_Move.uasset" 354
"../../../Engine/Content/EditorMaterials/MatineeGroups/MAT_Groups_Slomo.uasset" 355
"../../../Engine/Content/EditorMaterials/MatineeGroups/MAT_Groups_Sound.uasset" 356
"../../../Engine/Content/EditorMaterials/MatineeGroups/MAT_Groups_Vector.uasset" 357
"../../../Engine/Content/EditorMaterials/ParticleSystems/PSysThumbnail_NoImage.uasset" 358
"../../../Engine/Content/EditorMaterials/ParticleSystems/PSysThumbnail_OOD.uasset" 359
"../../../Engine/Content/EditorMaterials/Camera/CineMat.uasset" 360
"../../../Engine/Content/EditorMaterials/Camera/MI_CineMat_Rig.uasset" 361
"../../../Engine/Content/EditorMeshes/Camera/SM_CraneRig_Arm.uasset" 362
"../../../Engine/Content/EditorMeshes/Camera/SM_CraneRig_Base.uasset" 363
"../../../Engine/Content/EditorMeshes/Camera/SM_CraneRig_Body.uasset" 364
"../../../Engine/Content/EditorMeshes/Camera/SM_CraneRig_Mount.uasset" 365
"../../../Engine/Content/EditorMeshes/Camera/SM_RailRig_Mount.uasset" 366
"../../../Engine/Content/EditorMeshes/Camera/SM_RailRig_Track.uasset" 367
"../../../Engine/Content/EditorResources/BSPVertex.uasset" 368
"../../../Engine/Content/EditorResources/EmptyActor.uasset" 369
"../../../Engine/Content/EditorResources/S_Actor.uasset" 370
"../../../Engine/Content/EditorResources/S_Trigger.uasset" 371
"../../../Engine/Content/EditorResources/AudioIcons/S_AudioComponent.uasset" 372
"../../../Engine/Content/EditorResources/AudioIcons/S_AudioComponent_AutoActivate.uasset" 373
"../../../Engine/Content/EditorResources/LightIcons/S_LightError.uasset" 374
"../../../Engine/Content/EditorResources/SequenceRecorder/Countdown.uasset" 375
"../../../Engine/Content/EditorResources/SequenceRecorder/RecordingIndicator.uasset" 376
"../../../Engine/Content/EditorSounds/Notifications/CompileFailed.uasset" 377
"../../../Engine/Content/EditorSounds/Notifications/CompileFailed_Cue.uasset" 378
"../../../Engine/Content/EditorSounds/Notifications/CompileSuccess.uasset" 379
"../../../Engine/Content/EditorSounds/Notifications/CompileStart_Cue.uasset" 380
"../../../Engine/Content/EditorSounds/Notifications/CompileSuccess_Cue.uasset" 381
"../../../Engine/Content/EngineDamageTypes/DmgTypeBP_Environmental.uasset" 382
"../../../Engine/Content/EngineDebugMaterials/HeatmapGradient.uasset" 383
"../../../Engine/Content/EngineDebugMaterials/BoneWeightMaterial.uasset" 384
"../../../Engine/Content/EngineDebugMaterials/ClothMaterial.uasset" 385
"../../../Engine/Content/EngineDebugMaterials/ClothMaterial_WF.uasset" 386
"../../../Engine/Content/EngineDebugMaterials/DebugEditorMaterial.uasset" 387
"../../../Engine/Content/EngineDebugMaterials/DebugMeshMaterial.uasset" 388
"../../../Engine/Content/EngineDebugMaterials/GeomMaterial.uasset" 389
"../../../Engine/Content/EngineFonts/Faces/RobotoBold.uasset" 390
"../../../Engine/Content/EngineFonts/Faces/RobotoBoldItalic.uasset" 391
"../../../Engine/Content/EngineFonts/Faces/RobotoItalic.uasset" 392
"../../../Engine/Content/EngineFonts/Faces/RobotoLight.uasset" 393
"../../../Engine/Content/EngineFonts/Faces/RobotoRegular.uasset" 394
"../../../Engine/Content/EngineFonts/Roboto.uasset" 395
"../../../Engine/Content/EngineFonts/Faces/RobotoTiny.uasset" 396
"../../../Engine/Content/EngineFonts/RobotoTiny.uasset" 397
"../../../Engine/Content/EngineMaterials/DefaultBloomKernel.uasset" 398
"../../../Engine/Content/EngineMaterials/DefaultBokeh.uasset" 399
"../../../Engine/Content/EngineMaterials/DefaultDiffuse.uasset" 400
"../../../Engine/Content/EngineMaterials/DefaultDeferredDecalMaterial.uasset" 401
"../../../Engine/Content/EngineMaterials/DefaultLightFunctionMaterial.uasset" 402
"../../../Engine/Content/Functions/Engine_MaterialFunctions02/Utility/BreakOutFloat2Components.uasset" 403
"../../../Engine/Content/EngineMaterials/DefaultPostProcessMaterial.uasset" 404
"../../../Engine/Content/EngineFonts/RobotoDistanceField.uasset" 405
"../../../Engine/Content/EngineMaterials/DefaultTextMaterialOpaque.uasset" 406
"../../../Engine/Content/EngineMaterials/DefaultWhiteGrid.uasset" 407
"../../../Engine/Content/EngineMaterials/EditorBrushMaterial.uasset" 408
"../../../Engine/Content/EngineMaterials/Good64x64TilingNoiseHighFreq.uasset" 409
"../../../Engine/Content/EngineMaterials/MiniFont.uasset" 410
"../../../Engine/Content/EngineMaterials/InvalidLightmapSettings.uasset" 411
"../../../Engine/Content/EngineMaterials/M_InvalidLightmapSettings.uasset" 412
"../../../Engine/Content/Functions/Engine_MaterialFunctions02/WorldPositionOffset/CameraOffset.uasset" 413
"../../../Engine/Content/EngineMaterials/PhAT_JointLimitMaterial.uasset" 414
"../../../Engine/Content/EngineMaterials/PreintegratedSkinBRDF.uasset" 415
"../../../Engine/Content/EngineMaterials/RemoveSurfaceMaterial.uasset" 416
"../../../Engine/Content/EngineMaterials/WeightMapPlaceholderTexture.uasset" 417
"../../../Engine/Content/EngineResources/WhiteSquareTexture.uasset" 418
"../../../Engine/Content/EngineMaterials/Widget3DPassThrough.uasset" 419
"../../../Engine/Content/EngineMaterials/Widget3DPassThrough_Masked.uasset" 420
"../../../Engine/Content/EngineMaterials/Widget3DPassThrough_Opaque.uasset" 421
"../../../Engine/Content/EngineMaterials/Widget3DPassThrough_Masked_OneSided.uasset" 422
"../../../Engine/Content/EngineMaterials/Widget3DPassThrough_Opaque_OneSided.uasset" 423
"../../../Engine/Content/EngineMaterials/Widget3DPassThrough_Translucent.uasset" 424
"../../../Engine/Content/EngineMaterials/Widget3DPassThrough_Translucent_OneSided.uasset" 425
"../../../Engine/Content/EngineMeshes/Cube.uasset" 426
"../../../Engine/Content/EngineMeshes/Cylinder.uasset" 427
"../../../Engine/Content/EngineMeshes/Sphere.uasset" 428
"../../../Engine/Content/EngineResources/Black.uasset" 429
"../../../Engine/Content/EngineResources/DefaultTexture.uasset" 430
"../../../Engine/Content/EngineResources/DefaultTextureCube.uasset" 431
"../../../Engine/Content/EngineResources/GradientTexture0.uasset" 432
"../../../Engine/Content/EngineSounds/Master.uasset" 433
"../../../Engine/Content/Functions/Engine_MaterialFunctions01/Shading/ConvertFromDiffSpec.uasset" 434
"../../../Engine/Content/Functions/Engine_MaterialFunctions01/Shading/PowerToRoughness.uasset" 435
"../../../Engine/Content/Maps/Templates/Thumbnails/Default.uasset" 436
"../../../Engine/Content/Maps/Templates/Thumbnails/VR-Basic.uasset" 437
"../../../Engine/Content/MobileResources/T_MobileControls_texture.uasset" 438
"../../../Engine/Content/MobileResources/T_MobileMenu2.uasset" 439
"../../../Engine/Content/MobileResources/HUD/AnalogHat.uasset" 440
"../../../Engine/Content/MobileResources/HUD/VirtualJoystick_Background.uasset" 441
"../../../Engine/Content/MobileResources/HUD/VirtualJoystick_Thumb.uasset" 442
"../../../Engine/Content/MobileResources/HUD/DefaultVirtualJoysticks.uasset" 443
"../../../Engine/Content/MobileResources/HUD/LeftVirtualJoystickOnly.uasset" 444
"../../../Engine/Content/MobileResources/HUD/MobileHUDButton1_off.uasset" 445
"../../../Engine/Content/MobileResources/HUD/MobileHUDButton1_on.uasset" 446
"../../../Engine/Content/MobileResources/HUD/MobileHUDButton2_off.uasset" 447
"../../../Engine/Content/MobileResources/HUD/MobileHUDButton2_on.uasset" 448
"../../../Engine/Content/MobileResources/HUD/MobileHUDButton3.uasset" 449
"../../../Engine/Content/MobileResources/HUD/MobileHUDButtonFire.uasset" 450
"../../../Engine/Content/MobileResources/HUD/MobileHUDDirectionPad.uasset" 451
"../../../Engine/Content/MobileResources/HUD/MobileHUDDirectionPad2.uasset" 452
"../../../Engine/Content/MobileResources/HUD/MobileHUDDirectionPad3.uasset" 453
"../../../Engine/Content/MobileResources/HUD/MobileHUDDirectionStick.uasset" 454
"../../../Engine/Content/MobileResources/HUD/T_Castle_ThumbstickInner.uasset" 455
"../../../Engine/Content/MobileResources/HUD/T_Castle_ThumbstickOutter.uasset" 456
"../../../Engine/Content/Tutorial/ContentIntroCurve.uasset" 457
"../../../Engine/Content/Tutorial/Basics/TutorialAssets/icon_tab_Levels_40x.uasset" 458
"../../../Engine/Content/Tutorial/BlueprintTutorials/TutorialAssets/BlueprintInterface_64x.uasset" 459
"../../../Engine/Content/Tutorial/BlueprintTutorials/TutorialAssets/BlueprintMacroLibrary_64x.uasset" 460
"../../../Engine/Content/Tutorial/BlueprintTutorials/TutorialAssets/Blueprint_64x.uasset" 461
"../../../Engine/Content/Tutorial/BlueprintTutorials/TutorialAssets/Tutorial_BP_Interface.uasset" 462
"../../../Engine/Content/Tutorial/Foliage/TutorialAssets/Foliage.uasset" 463
"../../../Engine/Content/Tutorial/Landscape/TutorialAssets/Landscape.uasset" 464
"../../../Engine/Content/Tutorial/Paper2D/TutorialAssets/Paper2DFlipbook_TutorialIcon.uasset" 465
"../../../Engine/Content/Tutorial/Paper2D/TutorialAssets/Paper2DSprite_TutorialIcon.uasset" 466
"../../../Engine/Content/Tutorial/SubEditors/TutorialAssets/icon_Editor_Preferences_General_40x.uasset" 467
"../../../Engine/Content/Tutorial/SubEditors/TutorialAssets/icon_ShowSkeletalMeshes_40x.uasset" 468
"../../../Engine/Content/Tutorial/SubEditors/TutorialAssets/TutorialMaterial.uasset" 469
"../../../Engine/Content/Tutorial/SubEditors/TutorialAssets/T_SmokeSubUV_8X8.uasset" 470
"../../../Engine/Content/Tutorial/SubEditors/TutorialAssets/T_soft_smoke.uasset" 471
"../../../Engine/Content/Tutorial/SubEditors/TutorialAssets/M_smoke_subUV_blackbody.uasset" 472
"../../../Engine/Content/Tutorial/SubEditors/TutorialAssets/TutorialParticleSystem.uasset" 473
"../../../Engine/Content/VREditor/Devices/Generic/GenericHMDMaterial.uasset" 474
"../../../Engine/Content/VREditor/Devices/Generic/GenericHMD.uasset" 475
"../../../Engine/Content/Functions/Engine_MaterialFunctions02/Utility/BreakOutFloat3Components.uasset" 476
"../../../Engine/Content/VREditor/Devices/Vive/VivePreController_MasksB.uasset" 477
"../../../Engine/Content/VREditor/Devices/Oculus/OculusControllerMaterial.uasset" 478
"../../../Engine/Content/VREditor/Devices/Oculus/OculusControllerMaterial_Inst.uasset" 479
"../../../Engine/Content/VREditor/Devices/Oculus/OculusControllerMesh.uasset" 480
"../../../Engine/Content/VREditor/Devices/Vive/T_VivePreController_EM.uasset" 481
"../../../Engine/Content/VREditor/Devices/Vive/VivePreController_MasksA.uasset" 482
"../../../Engine/Content/VREditor/Devices/Vive/VivePreControllerDiffuse.uasset" 483
"../../../Engine/Content/VREditor/Devices/Vive/VivePreControllerSpec.uasset" 484
"../../../Engine/Content/VREditor/LaserPointer/VR_LaserPower_01.uasset" 485
"../../../Engine/Content/VREditor/Devices/Vive/VivePreControllerMaterial.uasset" 486
"../../../Engine/Content/VREditor/Devices/Vive/VivePreControllerMaterial_Inst.uasset" 487
"../../../Engine/Content/VREditor/Devices/Vive/VivePreControllerMesh.uasset" 488
"../../../Engine/Content/VREditor/FloatingText/LineMaterial.uasset" 489
"../../../Engine/Content/VREditor/FloatingText/JointSphere.uasset" 490
"../../../Engine/Content/VREditor/FloatingText/LineSegmentCylinder.uasset" 491
"../../../Engine/Content/VREditor/Fonts/VRText_RobotoLarge.uasset" 492
"../../../Engine/Content/VREditor/Fonts/VRTextMaterial.uasset" 493
"../../../Engine/Content/VREditor/Fonts/TranslucentVRTextMaterial.uasset" 494
"../../../Engine/Content/VREditor/LaserPointer/CursorPointer.uasset" 495
"../../../Engine/Content/VREditor/TransformGizmo/TransformGizmoMaterial.uasset" 496
"../../../Engine/Content/VREditor/LaserPointer/HoverMaterial.uasset" 497
"../../../Engine/Content/VREditor/TransformGizmo/TranslucentTransformGizmoMaterial.uasset" 498
"../../../Engine/Content/VREditor/LaserPointer/TranslucentHoverMaterial.uasset" 499
"../../../Engine/Content/VREditor/LaserPointer/HoverMesh.uasset" 500
"../../../Engine/Content/VREditor/LaserPointer/LaserPointerMaterial.uasset" 501
"../../../Engine/Content/VREditor/LaserPointer/LaserPointerMaterialInst.uasset" 502
"../../../Engine/Content/VREditor/LaserPointer/TranslucentLaserPointerMaterialInst.uasset" 503
"../../../Engine/Content/VREditor/LaserPointer/LaserPointerMesh.uasset" 504
"../../../Engine/Content/VREditor/LaserPointer/LaserPointerMesh_End.uasset" 505
"../../../Engine/Content/VREditor/LaserPointer/LaserPointerMesh_Start.uasset" 506
"../../../Engine/Content/VREditor/Sounds/VR_teleport.uasset" 507
"../../../Engine/Content/VREditor/Sounds/UI/Click_on_Button.uasset" 508
"../../../Engine/Content/VREditor/Sounds/UI/Click_on_Button_Cue.uasset" 509
"../../../Engine/Content/VREditor/Sounds/UI/Dockable_Window_Close.uasset" 510
"../../../Engine/Content/VREditor/Sounds/UI/Dockable_Window_Drop.uasset" 511
"../../../Engine/Content/VREditor/Sounds/UI/Dockable_Window_Open.uasset" 512
"../../../Engine/Content/VREditor/Sounds/UI/Dockable_Window_Pick_Up.uasset" 513
"../../../Engine/Content/VREditor/Sounds/UI/Drop_Item_From_ContentBrowser.uasset" 514
"../../../Engine/Content/VREditor/Sounds/UI/Floating_UI_Open-001.uasset" 515
"../../../Engine/Content/VREditor/Sounds/UI/Radial_Menu_FadeOut.uasset" 516
"../../../Engine/Content/VREditor/Sounds/UI/Teleport_Mode_Entered.uasset" 517
"../../../Engine/Content/VREditor/Teleport/TeleportDirectionMaterial.uasset" 518
"../../../Engine/Content/VREditor/Teleport/TeleportDirectionMaterial_Inst.uasset" 519
"../../../Engine/Content/VREditor/Teleport/TeleportDirectionMesh.uasset" 520
"../../../Engine/Content/VREditor/TransformGizmo/BoundingBoxCorner.uasset" 521
"../../../Engine/Content/VREditor/TransformGizmo/BoundingBoxEdge.uasset" 522
"../../../Engine/Content/VREditor/TransformGizmo/PlaneTranslationHandle.uasset" 523
"../../../Engine/Content/VREditor/TransformGizmo/Main.uasset" 524
"../../../Engine/Content/VREditor/TransformGizmo/Xray.uasset" 525
"../../../Engine/Content/VREditor/TransformGizmo/SM_Dialog_Close.uasset" 526
"../../../Engine/Content/VREditor/TransformGizmo/SM_Dialog_Move.uasset" 527
"../../../Engine/Content/VREditor/TransformGizmo/SM_Sequencer_Key.uasset" 528
"../../../Engine/Content/VREditor/TransformGizmo/SM_Sequencer_Node.uasset" 529
"../../../Engine/Content/VREditor/TransformGizmo/TransformGizmoMaterial_Inst.uasset" 530
"../../../Engine/Content/VREditor/TransformGizmo/TranslucentTransformGizmoMaterial_Inst.uasset" 531
"../../../Engine/Content/VREditor/Devices/Vive/UE4_Logo.uasset" 532
"../../../Engine/Content/VREditor/UI/M_ContentWindow.uasset" 533
"../../../Engine/Content/VREditor/UI/SM_ContentWindow_01.uasset" 534
"../../../Engine/Content/VREditor/UI/KeyDiskMaterial.uasset" 535
"../../../Engine/Content/VREditor/UI/DiscMaterial.uasset" 536
"../../../Engine/Content/VREditor/UI/SM_Radial_Disk.uasset" 537
"../../../Engine/Content/VREditor/UI/ArrowMaterial.uasset" 538
"../../../Engine/Content/VREditor/UI/SM_Radial_Pointer.uasset" 539
"../../../Engine/Content/VREditor/WorldMovementGrid/SimpleGrid.uasset" 540
"../../../Engine/Content/VREditor/WorldMovementGrid/GridMaterial.uasset" 541
"../../../Engine/Content/Functions/Engine_MaterialFunctions01/Density/ExponentialDensity.uasset" 542
"../../../Engine/Content/VREditor/WorldMovementGrid/GridPostProcess.uasset" 543
"../../../Engine/Content/EditorLandscapeResources/FlattenHeightMat.uasset" 544
"../../../Engine/Content/VREditor/WorldMovementGrid/PlaneMesh.uasset" 545
"../../Plugins/2D/Paper2D/Content/PlaceholderTextures/DummySpriteTexture.uasset" 546
"../../Plugins/2D/Paper2D/Content/DummySprite.uasset" 547
"../../Plugins/2D/Paper2D/Content/DefaultPaperTerrainMaterial.uasset" 548
"../../Plugins/2D/Paper2D/Content/DefaultSpriteMaterial.uasset" 549
"../../Plugins/2D/Paper2D/Content/MaskedUnlitSpriteMaterial.uasset" 550
"../../Plugins/2D/Paper2D/Content/OpaqueUnlitSpriteMaterial.uasset" 551
"../../Plugins/Media/MediaCompositing/Content/DefaultMediaPlaneTexture.uasset" 552
"../../Plugins/Media/MediaCompositing/Content/DefaultMediaPlaneMaterial.uasset" 553
"../../../Engine/Content/Functions/Engine_MaterialFunctions02/Utility/MakeFloat4.uasset" 554
"../../Plugins/Runtime/AppleARKit/Content/ARKitCameraMaterial.uasset" 555
"../../Plugins/Runtime/Oculus/OculusVR/Content/Textures/GearVRController_AO.uasset" 556
"../../Plugins/Runtime/Oculus/OculusVR/Content/Textures/GearVRController_Color.uasset" 557
"../../Plugins/Runtime/Oculus/OculusVR/Content/Textures/GearVRController_Normal.uasset" 558
"../../Plugins/Runtime/Oculus/OculusVR/Content/Materials/GearVRControllerMaterial.uasset" 559
"../../Plugins/Runtime/Oculus/OculusVR/Content/Meshes/GearVrController.uasset" 560
"C:/Users/Jimmy/Documents/UnrealProjects/Zombie/Content/AnimStarterPack/Crouch_Idle_Rifle_Hip.uasset" 561
"C:/Users/Jimmy/Documents/UnrealProjects/Zombie/Content/AnimStarterPack/Crouch_Idle_Rifle_Ironsights.uasset" 562
"C:/Users/Jimmy/Documents/UnrealProjects/Zombie/Content/AnimStarterPack/Crouch_Walk_Fwd_Rifle_Ironsights.uasset" 563
"C:/Users/Jimmy/Documents/UnrealProjects/Zombie/Content/AnimStarterPack/Equip_Pistol_Standing.uasset" 564
"C:/Users/Jimmy/Documents/UnrealProjects/Zombie/Content/AnimStarterPack/Fire_Rifle_Ironsights.uasset" 565
"C:/Users/Jimmy/Documents/UnrealProjects/Zombie/Content/AnimStarterPack/Hit_React_1.uasset" 566
"C:/Users/Jimmy/Documents/UnrealProjects/Zombie/Content/AnimStarterPack/Hit_React_2.uasset" 567
"C:/Users/Jimmy/Documents/UnrealProjects/Zombie/Content/AnimStarterPack/Hit_React_3.uasset" 568
"C:/Users/Jimmy/Documents/UnrealProjects/Zombie/Content/AnimStarterPack/Idle_Rifle_Hip_Break1.uasset" 569
"C:/Users/Jimmy/Documents/UnrealProjects/Zombie/Content/AnimStarterPack/Idle_Rifle_Hip_Break2.uasset" 570
"C:/Users/Jimmy/Documents/UnrealProjects/Zombie/Content/AnimStarterPack/Reload_Rifle_Hip.uasset" 571
"C:/Users/Jimmy/Documents/UnrealProjects/Zombie/Content/AnimStarterPack/Walk_Fwd_Rifle_Ironsights.uasset" 572
"../../../Engine/Content/EngineSky/C_Sky_Cloud_Color.uasset" 573
"../../../Engine/Content/EngineSky/C_Sky_Horizon_Color.uasset" 574
"../../../Engine/Content/EngineSky/C_Sky_Zenith_Color.uasset" 575
"../../../Engine/Content/EngineSky/T_Sky_Blue.uasset" 576
"../../../Engine/Content/EngineSky/T_Sky_Clouds_M.uasset" 577
"../../../Engine/Content/EngineSky/T_Sky_Stars.uasset" 578
"../../../Engine/Content/EngineSky/M_Sky_Panning_Clouds2.uasset" 579
"../../../Engine/Content/EngineSky/SM_SkySphere.uasset" 580
"../../../Engine/Content/EngineSky/BP_Sky_Sphere.uasset" 581
"../../../Engine/Content/TemplateResources/M_Template_Master.uasset" 582
"../../../Engine/Content/TemplateResources/MI_Template_BaseGray_03_Metal.uasset" 583
"../../../Engine/Content/Functions/MaterialLayerFunctions/MatLayerBlend_AO.uasset" 584
"C:/Users/Jimmy/Documents/UnrealProjects/Zombie/Content/AnimStarterPack/UE4_Mannequin/Materials/MaterialLayers/T_ML_Rubber_Blue_01_D.uasset" 585
"C:/Users/Jimmy/Documents/UnrealProjects/Zombie/Content/AnimStarterPack/UE4_Mannequin/Materials/MaterialLayers/T_ML_Rubber_Blue_01_N.uasset" 586
"C:/Users/Jimmy/Documents/UnrealProjects/Zombie/Content/AnimStarterPack/UE4_Mannequin/Materials/MaterialLayers/ML_GlossyBlack_Latex_UE4.uasset" 587
"C:/Users/Jimmy/Documents/UnrealProjects/Zombie/Content/AnimStarterPack/UE4_Mannequin/Materials/MaterialLayers/ML_Plastic_Shiny_Beige.uasset" 588
"C:/Users/Jimmy/Documents/UnrealProjects/Zombie/Content/AnimStarterPack/UE4_Mannequin/Textures/UE4_LOGO_CARD.uasset" 589
"C:/Users/Jimmy/Documents/UnrealProjects/Zombie/Content/AnimStarterPack/UE4_Mannequin/Materials/MaterialLayers/ML_Plastic_Shiny_Beige_LOGO.uasset" 590
"C:/Users/Jimmy/Documents/UnrealProjects/Zombie/Content/AnimStarterPack/UE4_Mannequin/Materials/MaterialLayers/T_ML_Aluminum01.uasset" 591
"C:/Users/Jimmy/Documents/UnrealProjects/Zombie/Content/AnimStarterPack/UE4_Mannequin/Materials/MaterialLayers/T_ML_Aluminum01_N.uasset" 592
"C:/Users/Jimmy/Documents/UnrealProjects/Zombie/Content/AnimStarterPack/UE4_Mannequin/Materials/MaterialLayers/ML_SoftMetal_UE4.uasset" 593
"C:/Users/Jimmy/Documents/UnrealProjects/Zombie/Content/AnimStarterPack/UE4_Mannequin/Textures/UE4_Mannequin__normals.uasset" 594
"C:/Users/Jimmy/Documents/UnrealProjects/Zombie/Content/AnimStarterPack/UE4_Mannequin/Textures/UE4_Mannequin_MAT_MASKA.uasset" 595
"C:/Users/Jimmy/Documents/UnrealProjects/Zombie/Content/AnimStarterPack/UE4_Mannequin/Textures/UE4_Mannequin_occlusion_Mobile.uasset" 596
"C:/Users/Jimmy/Documents/UnrealProjects/Zombie/Content/AnimStarterPack/UE4_Mannequin/Materials/M_UE4Man_Body.uasset" 597
"C:/Users/Jimmy/Documents/UnrealProjects/Zombie/Content/AnimStarterPack/UE4_Mannequin/Textures/UE4Man_Logo_N.uasset" 598
"C:/Users/Jimmy/Documents/UnrealProjects/Zombie/Content/AnimStarterPack/UE4_Mannequin/Materials/M_UE4Man_ChestLogo.uasset" 599
"C:/Users/Jimmy/Documents/UnrealProjects/Zombie/Content/AnimStarterPack/UE4_Mannequin/Mesh/SK_Mannequin_PhysicsAsset.uasset" 600
"C:/Users/Jimmy/Documents/UnrealProjects/Zombie/Content/AnimStarterPack/UE4_Mannequin/Mesh/SK_Mannequin.uasset" 601
"C:/Users/Jimmy/Documents/UnrealProjects/Zombie/Content/AnimStarterPack/Showcase.umap" 602
"C:/Users/Jimmy/Documents/UnrealProjects/Zombie/Content/Blueprints/MainMenuGM.uasset" 603
"C:/Users/Jimmy/Documents/UnrealProjects/Zombie/Content/FirstPersonBP/Blueprints/MainMenu.umap" 604
"../../../Engine/Content/MapTemplates/SM_Template_Map_Floor.uasset" 605
"C:/Users/Jimmy/Documents/UnrealProjects/Zombie/Content/FirstPersonBP/Blueprints/MainMenu2.umap" 606
"C:/Users/Jimmy/Documents/UnrealProjects/Zombie/Content/FirstPersonBP/Blueprints/Pistol/glock_frame1.uasset" 607
"C:/Users/Jimmy/Documents/UnrealProjects/Zombie/Content/FirstPersonBP/Blueprints/Pistol/Glock_Frame.uasset" 608
"C:/Users/Jimmy/Documents/UnrealProjects/Zombie/Content/FirstPersonBP/Blueprints/Pistol/glock_magazine1.uasset" 609
"C:/Users/Jimmy/Documents/UnrealProjects/Zombie/Content/FirstPersonBP/Blueprints/Pistol/Glock_Magazine.uasset" 610
"C:/Users/Jimmy/Documents/UnrealProjects/Zombie/Content/FirstPersonBP/Blueprints/Pistol/glock_slide1.uasset" 611
"C:/Users/Jimmy/Documents/UnrealProjects/Zombie/Content/FirstPersonBP/Blueprints/Pistol/Glock_Slide.uasset" 612
"C:/Users/Jimmy/Documents/UnrealProjects/Zombie/Content/FirstPersonBP/Blueprints/Pistol/textured_glock_Skeleton.uasset" 613
"C:/Users/Jimmy/Documents/UnrealProjects/Zombie/Content/FirstPersonBP/Blueprints/Pistol/textured_glock.uasset" 614
"C:/Users/Jimmy/Documents/UnrealProjects/Zombie/Content/FirstPersonBP/Blueprints/Widgets/HUD.uasset" 615
"C:/Users/Jimmy/Documents/UnrealProjects/Zombie/Content/FirstPersonBP/Blueprints/PlayerCharacter.uasset" 616
"C:/Users/Jimmy/Documents/UnrealProjects/Zombie/Content/FirstPersonBP/Blueprints/0041-green-grass-texture-seamless.uasset" 617
"C:/Users/Jimmy/Documents/UnrealProjects/Zombie/Content/FirstPersonBP/Blueprints/FuckinGay.uasset" 618
"../../../Engine/Content/EngineMaterials/DefaultPhysicalMaterial.uasset" 619
"C:/Users/Jimmy/Documents/UnrealProjects/Zombie/Content/FirstPersonBP/Blueprints/Maps/Faggottestlevel.umap" 620
"C:/Users/Jimmy/Documents/UnrealProjects/Zombie/Content/FirstPersonBP/Blueprints/Widgets/MenuHost.uasset" 621
"C:/Users/Jimmy/Documents/UnrealProjects/Zombie/Content/FirstPersonBP/Blueprints/Widgets/ServewrButton.uasset" 622
"C:/Users/Jimmy/Documents/UnrealProjects/Zombie/Content/FirstPersonBP/Blueprints/Widgets/MenuJoin.uasset" 623
"C:/Users/Jimmy/Documents/UnrealProjects/Zombie/Content/FirstPersonBP/Blueprints/Widgets/MenuMain.uasset" 624
"C:/Users/Jimmy/Documents/UnrealProjects/Zombie/Content/FirstPersonBP/Blueprints/Widgets/BP_GameInstance.uasset" 625
"C:/Users/Jimmy/Documents/UnrealProjects/Zombie/Content/FirstPersonBP/Blueprints/Widgets/NewMainMenu.umap" 626
"C:/Users/Jimmy/Documents/UnrealProjects/Zombie/Content/FirstPersonBP/Maps/FirstMapPoggers.umap" 627
"C:/Users/Jimmy/Documents/UnrealProjects/Zombie/Content/FirstPersonBP/Blueprints/Instakill.uasset" 628
"C:/Users/Jimmy/Documents/UnrealProjects/Zombie/Content/FirstPersonBP/Blueprints/ZombieSpawnVolume.uasset" 629
"C:/Users/Jimmy/Documents/UnrealProjects/Zombie/Content/FirstPersonBP/Maps/FirstPersonExampleMap_BuiltData.uasset" 630
"../../../Engine/Content/Functions/Engine_MaterialFunctions03/Procedurals/ComputeFilterWidth.uasset" 631
"../../../Engine/Content/EngineMaterials/AntiAliasedTextMaterialTranslucent.uasset" 632
"C:/Users/Jimmy/Documents/UnrealProjects/Zombie/Content/FirstPersonBP/Blueprints/Mirror/Mirror.uasset" 633
"C:/Users/Jimmy/Documents/UnrealProjects/Zombie/Content/FirstPersonBP/Blueprints/Mirror/MirrorMaterial.uasset" 634
"C:/Users/Jimmy/Documents/UnrealProjects/Zombie/Content/FirstPerson/Meshes/CubeMaterialOverride.uasset" 635
"../../../Engine/Content/EditorResources/MatineeCam_D.uasset" 636
"../../../Engine/Content/EditorMaterials/MatineeCam_mat.uasset" 637
"../../../Engine/Content/EditorMeshes/MatineeCam_SM.uasset" 638
"C:/Users/Jimmy/Documents/UnrealProjects/Zombie/Content/FirstPersonBP/Blueprints/Widgets/CharactersUI.uasset" 639
"C:/Users/Jimmy/Documents/UnrealProjects/Zombie/Content/FirstPersonBP/Maps/FirstPersonExampleMap.umap" 640
"C:/Users/Jimmy/Documents/UnrealProjects/Zombie/Content/StarterContent/Blueprints/Assets/FogBrightnessLUT.uasset" 641
"C:/Users/Jimmy/Documents/UnrealProjects/Zombie/Content/StarterContent/Blueprints/Assets/SunlightColorLUT.uasset" 642
"C:/Users/Jimmy/Documents/UnrealProjects/Zombie/Content/StarterContent/Blueprints/Assets/M_LightStage_Arrows.uasset" 643
"../../../Engine/Content/MapTemplates/Sky/DaylightAmbientCubemap.uasset" 644
"C:/Users/Jimmy/Documents/UnrealProjects/Zombie/Content/StarterContent/Blueprints/Assets/M_LightStage_Skybox_Master.uasset" 645
"C:/Users/Jimmy/Documents/UnrealProjects/Zombie/Content/StarterContent/Blueprints/Assets/M_LightStage_Skybox_Black.uasset" 646
"C:/Users/Jimmy/Documents/UnrealProjects/Zombie/Content/StarterContent/Blueprints/Assets/M_LightStage_Skybox_HDRI.uasset" 647
"../../../Engine/Content/EditorMaterials/Thumbnails/SkySphereMaterial.uasset" 648
"C:/Users/Jimmy/Documents/UnrealProjects/Zombie/Content/StarterContent/Blueprints/Assets/Skybox.uasset" 649
"C:/Users/Jimmy/Documents/UnrealProjects/Zombie/Content/StarterContent/Blueprints/Assets/SM_Arrows.uasset" 650
"C:/Users/Jimmy/Documents/UnrealProjects/Zombie/Content/StarterContent/HDRI/HDRI_Epic_Courtyard_Daylight.uasset" 651
"C:/Users/Jimmy/Documents/UnrealProjects/Zombie/Content/StarterContent/Blueprints/BP_LightStudio.uasset" 652
"C:/Users/Jimmy/Documents/UnrealProjects/Zombie/Content/StarterContent/Maps/Advanced_Lighting_BuiltData.uasset" 653
"C:/Users/Jimmy/Documents/UnrealProjects/Zombie/Content/StarterContent/Materials/M_AssetPlatform.uasset" 654
"../../../Engine/Content/EditorMeshes/ColorCalibrator/M_ChromeBall.uasset" 655
"../../../Engine/Content/EditorMeshes/ColorCalibrator/M_ClearCoat.uasset" 656
"../../../Engine/Content/EditorMeshes/ColorCalibrator/M_ClearCoatBlack.uasset" 657
"../../../Engine/Content/EditorMeshes/ColorCalibrator/Color_checker.uasset" 658
"../../../Engine/Content/EditorMeshes/ColorCalibrator/M_ColorGrid.uasset" 659
"../../../Engine/Content/EditorMeshes/ColorCalibrator/M_GreyBall.uasset" 660
"../../../Engine/Content/EditorMeshes/ColorCalibrator/SM_ColorCalibrator.uasset" 661
"C:/Users/Jimmy/Documents/UnrealProjects/Zombie/Content/StarterContent/Architecture/SM_AssetPlatform.uasset" 662
"C:/Users/Jimmy/Documents/UnrealProjects/Zombie/Content/StarterContent/Maps/Advanced_Lighting.umap" 663
"C:/Users/Jimmy/Documents/UnrealProjects/Zombie/Content/StarterContent/Maps/Minimal_Default_BuiltData.uasset" 664
"C:/Users/Jimmy/Documents/UnrealProjects/Zombie/Content/StarterContent/Textures/T_MacroVariation.uasset" 665
"C:/Users/Jimmy/Documents/UnrealProjects/Zombie/Content/StarterContent/Materials/M_Metal_Brushed_Nickel.uasset" 666
"C:/Users/Jimmy/Documents/UnrealProjects/Zombie/Content/StarterContent/Textures/T_Metal_Aluminum_D.uasset" 667
"C:/Users/Jimmy/Documents/UnrealProjects/Zombie/Content/StarterContent/Textures/T_Metal_Gold_N.uasset" 668
"C:/Users/Jimmy/Documents/UnrealProjects/Zombie/Content/StarterContent/Materials/M_Metal_Burnished_Steel.uasset" 669
"C:/Users/Jimmy/Documents/UnrealProjects/Zombie/Content/StarterContent/Textures/T_Metal_Copper_D.uasset" 670
"C:/Users/Jimmy/Documents/UnrealProjects/Zombie/Content/StarterContent/Materials/M_Metal_Copper.uasset" 671
"C:/Users/Jimmy/Documents/UnrealProjects/Zombie/Content/StarterContent/Textures/T_Statue_M.uasset" 672
"C:/Users/Jimmy/Documents/UnrealProjects/Zombie/Content/StarterContent/Textures/T_Statue_N.uasset" 673
"C:/Users/Jimmy/Documents/UnrealProjects/Zombie/Content/StarterContent/Props/Materials/M_StatueGlass.uasset" 674
"C:/Users/Jimmy/Documents/UnrealProjects/Zombie/Content/StarterContent/Architecture/Floor_400x400.uasset" 675
"C:/Users/Jimmy/Documents/UnrealProjects/Zombie/Content/StarterContent/Audio/Starter_Background_Cue.uasset" 676
"C:/Users/Jimmy/Documents/UnrealProjects/Zombie/Content/StarterContent/Props/SM_Chair.uasset" 677
"C:/Users/Jimmy/Documents/UnrealProjects/Zombie/Content/StarterContent/Props/Materials/M_Statue.uasset" 678
"C:/Users/Jimmy/Documents/UnrealProjects/Zombie/Content/StarterContent/Props/SM_Statue.uasset" 679
"C:/Users/Jimmy/Documents/UnrealProjects/Zombie/Content/StarterContent/Textures/T_TableRound_M.uasset" 680
"C:/Users/Jimmy/Documents/UnrealProjects/Zombie/Content/StarterContent/Textures/T_TableRound_N.uasset" 681
"C:/Users/Jimmy/Documents/UnrealProjects/Zombie/Content/StarterContent/Props/Materials/M_TableRound.uasset" 682
"C:/Users/Jimmy/Documents/UnrealProjects/Zombie/Content/StarterContent/Props/SM_TableRound.uasset" 683
"C:/Users/Jimmy/Documents/UnrealProjects/Zombie/Content/StarterContent/Maps/Minimal_Default.umap" 684
"C:/Users/Jimmy/Documents/UnrealProjects/Zombie/Content/StarterContent/Audio/Fire01_Cue.uasset" 685
"C:/Users/Jimmy/Documents/UnrealProjects/Zombie/Content/StarterContent/Textures/T_Fire_SubUV.uasset" 686
"C:/Users/Jimmy/Documents/UnrealProjects/Zombie/Content/StarterContent/Textures/T_Fire_Tiled_D.uasset" 687
"C:/Users/Jimmy/Documents/UnrealProjects/Zombie/Content/StarterContent/Particles/Materials/M_Fire_SubUV.uasset" 688
"C:/Users/Jimmy/Documents/UnrealProjects/Zombie/Content/StarterContent/Textures/T_Water_N.uasset" 689
"C:/Users/Jimmy/Documents/UnrealProjects/Zombie/Content/StarterContent/Particles/Materials/M_Heat_Distortion.uasset" 690
"C:/Users/Jimmy/Documents/UnrealProjects/Zombie/Content/StarterContent/Particles/Materials/M_Radial_Gradient.uasset" 691
"C:/Users/Jimmy/Documents/UnrealProjects/Zombie/Content/StarterContent/Particles/P_Fire.uasset" 692
"C:/Users/Jimmy/Documents/UnrealProjects/Zombie/Content/StarterContent/Blueprints/Blueprint_Effect_Fire.uasset" 693
"C:/Users/Jimmy/Documents/UnrealProjects/Zombie/Content/StarterContent/Audio/Smoke01_Cue.uasset" 694
"C:/Users/Jimmy/Documents/UnrealProjects/Zombie/Content/StarterContent/Particles/P_Smoke.uasset" 695
"C:/Users/Jimmy/Documents/UnrealProjects/Zombie/Content/StarterContent/Blueprints/Blueprint_Effect_Smoke.uasset" 696
"C:/Users/Jimmy/Documents/UnrealProjects/Zombie/Content/StarterContent/Audio/Fire_Sparks01_Cue.uasset" 697
"C:/Users/Jimmy/Documents/UnrealProjects/Zombie/Content/StarterContent/Textures/T_Spark_Core.uasset" 698
"C:/Users/Jimmy/Documents/UnrealProjects/Zombie/Content/StarterContent/Particles/Materials/M_Spark.uasset" 699
"C:/Users/Jimmy/Documents/UnrealProjects/Zombie/Content/StarterContent/Particles/P_Sparks.uasset" 700
"C:/Users/Jimmy/Documents/UnrealProjects/Zombie/Content/StarterContent/Blueprints/Blueprint_Effect_Sparks.uasset" 701
"C:/Users/Jimmy/Documents/UnrealProjects/Zombie/Content/StarterContent/Audio/Steam01_Cue.uasset" 702
"C:/Users/Jimmy/Documents/UnrealProjects/Zombie/Content/StarterContent/Particles/P_Steam_Lit.uasset" 703
"C:/Users/Jimmy/Documents/UnrealProjects/Zombie/Content/StarterContent/Blueprints/Blueprint_Effect_Steam.uasset" 704
"C:/Users/Jimmy/Documents/UnrealProjects/Zombie/Content/StarterContent/Textures/T_Lamp_M.uasset" 705
"C:/Users/Jimmy/Documents/UnrealProjects/Zombie/Content/StarterContent/Textures/T_Lamp_N.uasset" 706
"C:/Users/Jimmy/Documents/UnrealProjects/Zombie/Content/StarterContent/Props/Materials/M_Lamp.uasset" 707
"C:/Users/Jimmy/Documents/UnrealProjects/Zombie/Content/StarterContent/Props/SM_Lamp_Ceiling.uasset" 708
"C:/Users/Jimmy/Documents/UnrealProjects/Zombie/Content/StarterContent/Blueprints/Blueprint_CeilingLight.uasset" 709
"C:/Users/Jimmy/Documents/UnrealProjects/Zombie/Content/StarterContent/Props/SM_Lamp_Wall.uasset" 710
"C:/Users/Jimmy/Documents/UnrealProjects/Zombie/Content/StarterContent/Blueprints/Blueprint_WallSconce.uasset" 711
"C:/Users/Jimmy/Documents/UnrealProjects/Zombie/Content/StarterContent/Maps/StarterMap_BuiltData.uasset" 712
"C:/Users/Jimmy/Documents/UnrealProjects/Zombie/Content/StarterContent/Textures/T_Brick_Clay_Beveled_D.uasset" 713
"C:/Users/Jimmy/Documents/UnrealProjects/Zombie/Content/StarterContent/Textures/T_Brick_Clay_Beveled_M.uasset" 714
"C:/Users/Jimmy/Documents/UnrealProjects/Zombie/Content/StarterContent/Textures/T_Brick_Clay_Beveled_N.uasset" 715
"C:/Users/Jimmy/Documents/UnrealProjects/Zombie/Content/StarterContent/Materials/M_Brick_Clay_Beveled.uasset" 716
"C:/Users/Jimmy/Documents/UnrealProjects/Zombie/Content/StarterContent/Textures/T_Brick_Clay_New_D.uasset" 717
"C:/Users/Jimmy/Documents/UnrealProjects/Zombie/Content/StarterContent/Textures/T_Brick_Clay_New_M.uasset" 718
"C:/Users/Jimmy/Documents/UnrealProjects/Zombie/Content/StarterContent/Textures/T_Brick_Clay_New_N.uasset" 719
"C:/Users/Jimmy/Documents/UnrealProjects/Zombie/Content/StarterContent/Materials/M_Brick_Clay_New.uasset" 720
"C:/Users/Jimmy/Documents/UnrealProjects/Zombie/Content/StarterContent/Textures/T_Brick_Clay_Old_D.uasset" 721
"C:/Users/Jimmy/Documents/UnrealProjects/Zombie/Content/StarterContent/Textures/T_Brick_Clay_Old_N.uasset" 722
"C:/Users/Jimmy/Documents/UnrealProjects/Zombie/Content/StarterContent/Textures/T_Perlin_Noise_M.uasset" 723
"C:/Users/Jimmy/Documents/UnrealProjects/Zombie/Content/StarterContent/Materials/M_Brick_Clay_Old.uasset" 724
"C:/Users/Jimmy/Documents/UnrealProjects/Zombie/Content/StarterContent/Textures/T_Brick_Cut_Stone_D.uasset" 725
"C:/Users/Jimmy/Documents/UnrealProjects/Zombie/Content/StarterContent/Textures/T_Brick_Cut_Stone_N.uasset" 726
"C:/Users/Jimmy/Documents/UnrealProjects/Zombie/Content/StarterContent/Materials/M_Brick_Cut_Stone.uasset" 727
"C:/Users/Jimmy/Documents/UnrealProjects/Zombie/Content/StarterContent/Textures/T_Brick_Hewn_Stone_D.uasset" 728
"C:/Users/Jimmy/Documents/UnrealProjects/Zombie/Content/StarterContent/Textures/T_Brick_Hewn_Stone_M.uasset" 729
"C:/Users/Jimmy/Documents/UnrealProjects/Zombie/Content/StarterContent/Textures/T_Brick_Hewn_Stone_N.uasset" 730
"C:/Users/Jimmy/Documents/UnrealProjects/Zombie/Content/StarterContent/Materials/M_Brick_Hewn_Stone.uasset" 731
"C:/Users/Jimmy/Documents/UnrealProjects/Zombie/Content/StarterContent/Textures/T_Ceramic_Tile_M.uasset" 732
"C:/Users/Jimmy/Documents/UnrealProjects/Zombie/Content/StarterContent/Textures/T_Ceramic_Tile_N.uasset" 733
"C:/Users/Jimmy/Documents/UnrealProjects/Zombie/Content/StarterContent/Textures/T_Rock_Marble_Polished_D.uasset" 734
"C:/Users/Jimmy/Documents/UnrealProjects/Zombie/Content/StarterContent/Materials/M_Ceramic_Tile_Checker.uasset" 735
"C:/Users/Jimmy/Documents/UnrealProjects/Zombie/Content/StarterContent/Textures/T_CobbleStone_Pebble_D.uasset" 736
"C:/Users/Jimmy/Documents/UnrealProjects/Zombie/Content/StarterContent/Textures/T_CobbleStone_Pebble_M.uasset" 737
"C:/Users/Jimmy/Documents/UnrealProjects/Zombie/Content/StarterContent/Textures/T_CobbleStone_Pebble_N.uasset" 738
"C:/Users/Jimmy/Documents/UnrealProjects/Zombie/Content/StarterContent/Materials/M_CobbleStone_Pebble.uasset" 739
"C:/Users/Jimmy/Documents/UnrealProjects/Zombie/Content/StarterContent/Textures/T_CobbleStone_Rough_D.uasset" 740
"C:/Users/Jimmy/Documents/UnrealProjects/Zombie/Content/StarterContent/Textures/T_CobbleStone_Rough_N.uasset" 741
"C:/Users/Jimmy/Documents/UnrealProjects/Zombie/Content/StarterContent/Textures/T_Gradinet_01.uasset" 742
"C:/Users/Jimmy/Documents/UnrealProjects/Zombie/Content/StarterContent/Textures/T_Rock_Smooth_Granite_D.uasset" 743
"C:/Users/Jimmy/Documents/UnrealProjects/Zombie/Content/StarterContent/Materials/M_CobbleStone_Rough.uasset" 744
"C:/Users/Jimmy/Documents/UnrealProjects/Zombie/Content/StarterContent/Textures/T_CobbleStone_Smooth_D.uasset" 745
"C:/Users/Jimmy/Documents/UnrealProjects/Zombie/Content/StarterContent/Textures/T_CobbleStone_Smooth_M.uasset" 746
"C:/Users/Jimmy/Documents/UnrealProjects/Zombie/Content/StarterContent/Textures/T_CobbleStone_Smooth_N.uasset" 747
"C:/Users/Jimmy/Documents/UnrealProjects/Zombie/Content/StarterContent/Materials/M_CobbleStone_Smooth.uasset" 748
"C:/Users/Jimmy/Documents/UnrealProjects/Zombie/Content/StarterContent/Textures/T_Concrete_Grime_D.uasset" 749
"C:/Users/Jimmy/Documents/UnrealProjects/Zombie/Content/StarterContent/Textures/T_Metal_Rust_N.uasset" 750
"C:/Users/Jimmy/Documents/UnrealProjects/Zombie/Content/StarterContent/Materials/M_Concrete_Grime.uasset" 751
"C:/Users/Jimmy/Documents/UnrealProjects/Zombie/Content/StarterContent/Textures/T_Concrete_Panels_D.uasset" 752
"C:/Users/Jimmy/Documents/UnrealProjects/Zombie/Content/StarterContent/Textures/T_Concrete_Panels_N.uasset" 753
"C:/Users/Jimmy/Documents/UnrealProjects/Zombie/Content/StarterContent/Materials/M_Concrete_Panels.uasset" 754
"C:/Users/Jimmy/Documents/UnrealProjects/Zombie/Content/StarterContent/Textures/T_Concrete_Poured_D.uasset" 755
"C:/Users/Jimmy/Documents/UnrealProjects/Zombie/Content/StarterContent/Textures/T_Concrete_Poured_N.uasset" 756
"C:/Users/Jimmy/Documents/UnrealProjects/Zombie/Content/StarterContent/Materials/M_Concrete_Poured.uasset" 757
"C:/Users/Jimmy/Documents/UnrealProjects/Zombie/Content/StarterContent/Textures/T_Concrete_Tiles_D.uasset" 758
"C:/Users/Jimmy/Documents/UnrealProjects/Zombie/Content/StarterContent/Textures/T_Concrete_Tiles_M.uasset" 759
"C:/Users/Jimmy/Documents/UnrealProjects/Zombie/Content/StarterContent/Textures/T_Concrete_Tiles_N.uasset" 760
"C:/Users/Jimmy/Documents/UnrealProjects/Zombie/Content/StarterContent/Textures/T_Concrete_Tiles_Variation_M.uasset" 761
"C:/Users/Jimmy/Documents/UnrealProjects/Zombie/Content/StarterContent/Materials/M_Concrete_Tiles.uasset" 762
"C:/Users/Jimmy/Documents/UnrealProjects/Zombie/Content/StarterContent/Textures/T_Ground_Grass_D.uasset" 763
"C:/Users/Jimmy/Documents/UnrealProjects/Zombie/Content/StarterContent/Textures/T_Ground_Grass_N.uasset" 764
"C:/Users/Jimmy/Documents/UnrealProjects/Zombie/Content/StarterContent/Materials/M_Ground_Grass.uasset" 765
"C:/Users/Jimmy/Documents/UnrealProjects/Zombie/Content/StarterContent/Textures/T_Ground_Gravel_D.uasset" 766
"C:/Users/Jimmy/Documents/UnrealProjects/Zombie/Content/StarterContent/Textures/T_Ground_Gravel_N.uasset" 767
"C:/Users/Jimmy/Documents/UnrealProjects/Zombie/Content/StarterContent/Materials/M_Ground_Gravel.uasset" 768
"C:/Users/Jimmy/Documents/UnrealProjects/Zombie/Content/StarterContent/Textures/T_ground_Moss_D.uasset" 769
"C:/Users/Jimmy/Documents/UnrealProjects/Zombie/Content/StarterContent/Textures/T_Ground_Moss_N.uasset" 770
"C:/Users/Jimmy/Documents/UnrealProjects/Zombie/Content/StarterContent/Materials/M_Ground_Moss.uasset" 771
"C:/Users/Jimmy/Documents/UnrealProjects/Zombie/Content/StarterContent/Materials/M_Metal_Chrome.uasset" 772
"C:/Users/Jimmy/Documents/UnrealProjects/Zombie/Content/StarterContent/Textures/T_Metal_Gold_D.uasset" 773
"C:/Users/Jimmy/Documents/UnrealProjects/Zombie/Content/StarterContent/Materials/M_Metal_Gold.uasset" 774
"C:/Users/Jimmy/Documents/UnrealProjects/Zombie/Content/StarterContent/Textures/T_Metal_Rust_D.uasset" 775
"C:/Users/Jimmy/Documents/UnrealProjects/Zombie/Content/StarterContent/Materials/M_Metal_Rust.uasset" 776
"C:/Users/Jimmy/Documents/UnrealProjects/Zombie/Content/StarterContent/Textures/T_Metal_Steel_D.uasset" 777
"C:/Users/Jimmy/Documents/UnrealProjects/Zombie/Content/StarterContent/Textures/T_Metal_Steel_N.uasset" 778
"C:/Users/Jimmy/Documents/UnrealProjects/Zombie/Content/StarterContent/Materials/M_Metal_Steel.uasset" 779
"C:/Users/Jimmy/Documents/UnrealProjects/Zombie/Content/StarterContent/Textures/T_Rock_Basalt_N.uasset" 780
"C:/Users/Jimmy/Documents/UnrealProjects/Zombie/Content/StarterContent/Materials/M_Rock_Basalt.uasset" 781
"C:/Users/Jimmy/Documents/UnrealProjects/Zombie/Content/StarterContent/Materials/M_Rock_Marble_Polished.uasset" 782
"C:/Users/Jimmy/Documents/UnrealProjects/Zombie/Content/StarterContent/Textures/T_Rock_Sandstone_D.uasset" 783
"C:/Users/Jimmy/Documents/UnrealProjects/Zombie/Content/StarterContent/Textures/T_Rock_Sandstone_N.uasset" 784
"C:/Users/Jimmy/Documents/UnrealProjects/Zombie/Content/StarterContent/Materials/M_Rock_Sandstone.uasset" 785
"C:/Users/Jimmy/Documents/UnrealProjects/Zombie/Content/StarterContent/Textures/T_Rock_Slate_D.uasset" 786
"C:/Users/Jimmy/Documents/UnrealProjects/Zombie/Content/StarterContent/Textures/T_Rock_Slate_N.uasset" 787
"C:/Users/Jimmy/Documents/UnrealProjects/Zombie/Content/StarterContent/Materials/M_Rock_Slate.uasset" 788
"C:/Users/Jimmy/Documents/UnrealProjects/Zombie/Content/StarterContent/Textures/T_Checker_Noise_M.uasset" 789
"C:/Users/Jimmy/Documents/UnrealProjects/Zombie/Content/StarterContent/Textures/T_Single_Tile_N.uasset" 790
"C:/Users/Jimmy/Documents/UnrealProjects/Zombie/Content/StarterContent/Textures/T_Tech_Dot_M.uasset" 791
"C:/Users/Jimmy/Documents/UnrealProjects/Zombie/Content/StarterContent/Textures/T_Tech_Dot_N.uasset" 792
"C:/Users/Jimmy/Documents/UnrealProjects/Zombie/Content/StarterContent/Materials/M_Tech_Checker_Dot.uasset" 793
"C:/Users/Jimmy/Documents/UnrealProjects/Zombie/Content/StarterContent/Textures/T_Tech_Hex_Tile_M.uasset" 794
"C:/Users/Jimmy/Documents/UnrealProjects/Zombie/Content/StarterContent/Textures/T_Tech_Hex_Tile_N.uasset" 795
"C:/Users/Jimmy/Documents/UnrealProjects/Zombie/Content/StarterContent/Materials/M_Tech_Hex_Tile.uasset" 796
"C:/Users/Jimmy/Documents/UnrealProjects/Zombie/Content/StarterContent/Materials/M_Tech_Hex_Tile_Pulse.uasset" 797
"C:/Users/Jimmy/Documents/UnrealProjects/Zombie/Content/StarterContent/Textures/T_Tech_Panel_M.uasset" 798
"C:/Users/Jimmy/Documents/UnrealProjects/Zombie/Content/StarterContent/Textures/T_Tech_Panel_N.uasset" 799
"C:/Users/Jimmy/Documents/UnrealProjects/Zombie/Content/StarterContent/Materials/M_Tech_Panel.uasset" 800
"C:/Users/Jimmy/Documents/UnrealProjects/Zombie/Content/StarterContent/Materials/M_Water_Lake.uasset" 801
"C:/Users/Jimmy/Documents/UnrealProjects/Zombie/Content/StarterContent/Textures/T_Water_M.uasset" 802
"C:/Users/Jimmy/Documents/UnrealProjects/Zombie/Content/StarterContent/Materials/M_Water_Ocean.uasset" 803
"C:/Users/Jimmy/Documents/UnrealProjects/Zombie/Content/StarterContent/Textures/T_Wood_Floor_Walnut_D.uasset" 804
"C:/Users/Jimmy/Documents/UnrealProjects/Zombie/Content/StarterContent/Textures/T_Wood_Floor_Walnut_M.uasset" 805
"C:/Users/Jimmy/Documents/UnrealProjects/Zombie/Content/StarterContent/Textures/T_Wood_Floor_Walnut_N.uasset" 806
"C:/Users/Jimmy/Documents/UnrealProjects/Zombie/Content/StarterContent/Materials/M_Wood_Floor_Walnut_Polished.uasset" 807
"../../../Engine/Content/Functions/Engine_MaterialFunctions01/Opacity/AlphaOffset.uasset" 808
"C:/Users/Jimmy/Documents/UnrealProjects/Zombie/Content/StarterContent/Materials/M_Wood_Floor_Walnut_Worn.uasset" 809
"C:/Users/Jimmy/Documents/UnrealProjects/Zombie/Content/StarterContent/Textures/T_Wood_Oak_D.uasset" 810
"C:/Users/Jimmy/Documents/UnrealProjects/Zombie/Content/StarterContent/Textures/T_Wood_Oak_N.uasset" 811
"C:/Users/Jimmy/Documents/UnrealProjects/Zombie/Content/StarterContent/Materials/M_Wood_Oak.uasset" 812
"C:/Users/Jimmy/Documents/UnrealProjects/Zombie/Content/StarterContent/Textures/T_Wood_Pine_D.uasset" 813
"C:/Users/Jimmy/Documents/UnrealProjects/Zombie/Content/StarterContent/Textures/T_Wood_Pine_N.uasset" 814
"C:/Users/Jimmy/Documents/UnrealProjects/Zombie/Content/StarterContent/Materials/M_Wood_Pine.uasset" 815
"C:/Users/Jimmy/Documents/UnrealProjects/Zombie/Content/StarterContent/Textures/T_Wood_Walnut_D.uasset" 816
"C:/Users/Jimmy/Documents/UnrealProjects/Zombie/Content/StarterContent/Textures/T_Wood_Walnut_N.uasset" 817
"C:/Users/Jimmy/Documents/UnrealProjects/Zombie/Content/StarterContent/Materials/M_Wood_Walnut.uasset" 818
"C:/Users/Jimmy/Documents/UnrealProjects/Zombie/Content/StarterContent/Architecture/Wall_400x200.uasset" 819
"C:/Users/Jimmy/Documents/UnrealProjects/Zombie/Content/StarterContent/Architecture/Wall_Door_400x300.uasset" 820
"C:/Users/Jimmy/Documents/UnrealProjects/Zombie/Content/StarterContent/Architecture/Wall_Window_400x300.uasset" 821
"C:/Users/Jimmy/Documents/UnrealProjects/Zombie/Content/StarterContent/Audio/Collapse_Cue.uasset" 822
"C:/Users/Jimmy/Documents/UnrealProjects/Zombie/Content/StarterContent/Audio/Starter_Music_Cue.uasset" 823
"C:/Users/Jimmy/Documents/UnrealProjects/Zombie/Content/StarterContent/Textures/T_Dust_Particle_D.uasset" 824
"C:/Users/Jimmy/Documents/UnrealProjects/Zombie/Content/StarterContent/Particles/Materials/M_Dust_Particle.uasset" 825
"C:/Users/Jimmy/Documents/UnrealProjects/Zombie/Content/StarterContent/Particles/P_Ambient_Dust.uasset" 826
"C:/Users/Jimmy/Documents/UnrealProjects/Zombie/Content/StarterContent/Props/MaterialSphere.uasset" 827
"C:/Users/Jimmy/Documents/UnrealProjects/Zombie/Content/StarterContent/Textures/T_Frame_M.uasset" 828
"C:/Users/Jimmy/Documents/UnrealProjects/Zombie/Content/StarterContent/Textures/T_Frame_N.uasset" 829
"C:/Users/Jimmy/Documents/UnrealProjects/Zombie/Content/StarterContent/Props/Materials/M_Frame.uasset" 830
"C:/Users/Jimmy/Documents/UnrealProjects/Zombie/Content/StarterContent/Props/SM_CornerFrame.uasset" 831
"C:/Users/Jimmy/Documents/UnrealProjects/Zombie/Content/StarterContent/Props/SM_DoorFrame.uasset" 832
"C:/Users/Jimmy/Documents/UnrealProjects/Zombie/Content/StarterContent/Props/SM_GlassWindow.uasset" 833
"C:/Users/Jimmy/Documents/UnrealProjects/Zombie/Content/StarterContent/Props/SM_PillarFrame.uasset" 834
"C:/Users/Jimmy/Documents/UnrealProjects/Zombie/Content/StarterContent/Props/SM_PillarFrame300.uasset" 835
"C:/Users/Jimmy/Documents/UnrealProjects/Zombie/Content/StarterContent/Props/SM_WindowFrame.uasset" 836
"C:/Users/Jimmy/Documents/UnrealProjects/Zombie/Content/StarterContent/Shapes/Shape_Cube.uasset" 837
"C:/Users/Jimmy/Documents/UnrealProjects/Zombie/Content/StarterContent/Shapes/Shape_QuadPyramid.uasset" 838
"C:/Users/Jimmy/Documents/UnrealProjects/Zombie/Content/StarterContent/Shapes/Shape_Sphere.uasset" 839
"C:/Users/Jimmy/Documents/UnrealProjects/Zombie/Content/StarterContent/Maps/StarterMap.umap" 840
"C:/Users/Jimmy/Documents/UnrealProjects/Zombie/Content/ThirdPersonBP/Maps/ThirdPersonExampleMap_BuiltData.uasset" 841
"C:/Users/Jimmy/Documents/UnrealProjects/Zombie/Content/Geometry/Meshes/1M_Cube_Chamfer.uasset" 842
"C:/Users/Jimmy/Documents/UnrealProjects/Zombie/Content/Geometry/Meshes/TemplateFloor.uasset" 843
"C:/Users/Jimmy/Documents/UnrealProjects/Zombie/Content/ThirdPerson/Meshes/RampMaterial.uasset" 844
"C:/Users/Jimmy/Documents/UnrealProjects/Zombie/Content/ThirdPerson/Meshes/Bump_StaticMesh.uasset" 845
"C:/Users/Jimmy/Documents/UnrealProjects/Zombie/Content/ThirdPerson/Meshes/LeftArm_StaticMesh.uasset" 846
"C:/Users/Jimmy/Documents/UnrealProjects/Zombie/Content/ThirdPerson/Meshes/Linear_Stair_StaticMesh.uasset" 847
"C:/Users/Jimmy/Documents/UnrealProjects/Zombie/Content/ThirdPerson/Meshes/Ramp_StaticMesh.uasset" 848
"C:/Users/Jimmy/Documents/UnrealProjects/Zombie/Content/ThirdPerson/Meshes/RightArm_StaticMesh.uasset" 849
"C:/Users/Jimmy/Documents/UnrealProjects/Zombie/Content/ThirdPersonBP/Maps/ThirdPersonExampleMap.umap" 850
"../../../Engine/Content/Maps/Entry.umap" 851
